/home/user/.local/lib/python3.4/site-packages/tox/session.py
in MAIN
in RUNCOMMAND
GLOB sdist-make: /home/user/Projects/electrum/setup.py
py34 inst-nodeps: /home/user/Projects/electrum/.tox/dist/Electrum-2.10.0.zip
py34 installed: certifi==2017.7.27.1,chardet==3.0.4,coverage==4.4.1,dnspython==1.15.0,ecdsa==0.13,Electrum==2.10.0,idna==2.6,jsonrpclib-pelix==0.3.1,pbkdf2==1.3,protobuf==3.4.0,py==1.4.34,pyaes==1.6.0,PySocks==1.6.7,pytest==3.2.2,qrcode==5.3,requests==2.18.4,six==1.10.0,urllib3==1.22
in SUBCOMMAND
in RUNTESTENV
in TOXRUNTEST
in TEST
py34 runtests: PYTHONHASHSEED='2139337675'
py34 runtests: commands[0] | coverage run --source=lib -m py.test -v
============================= test session starts ==============================
platform linux -- Python 3.4.3, pytest-3.2.2, py-1.4.34, pluggy-0.4.0 -- /home/user/Projects/electrum/.tox/py34/bin/python3.4
cachedir: .cache
rootdir: /home/user/Projects/electrum, inifile:
collecting ... collected 741 items

lib/tests/test_account.py::Test_Account::test_bip32_account PASSED
lib/tests/test_account.py::Test_Account::test_old_account PASSED
lib/tests/test_bitcoin.py::Test_bitcoin::test_aes_decode_with_invalid_password PASSED
lib/tests/test_bitcoin.py::Test_bitcoin::test_aes_deencode_without_password PASSED
lib/tests/test_bitcoin.py::Test_bitcoin::test_aes_encode_without_password PASSED
lib/tests/test_bitcoin.py::Test_bitcoin::test_aes_homomorphic PASSED
lib/tests/test_bitcoin.py::Test_bitcoin::test_bip32 PASSED
lib/tests/test_bitcoin.py::Test_bitcoin::test_crypto PASSED
lib/tests/test_bitcoin.py::Test_bitcoin::test_hash PASSED
lib/tests/test_bitcoin.py::Test_bitcoin::test_op_push PASSED
lib/tests/test_bitcoin.py::Test_bitcoin::test_var_int PASSED
lib/tests/test_bitcoin.py::Test_bitcoin::test_xpub_from_xprv PASSED
lib/tests/test_bitcoin.py::Test_keyImport::test_address_from_private_key PASSED
lib/tests/test_bitcoin.py::Test_keyImport::test_is_private_key PASSED
lib/tests/test_bitcoin.py::Test_keyImport::test_is_valid_address PASSED
lib/tests/test_bitcoin.py::Test_keyImport::test_public_key_from_private_key PASSED
lib/tests/test_bitcoin.py::Test_seeds::test_new_seed PASSED
lib/tests/test_bitcoin.py::Test_seeds::test_old_seed PASSED
lib/tests/test_interface.py::TestInterface::test_check_host_name PASSED
lib/tests/test_interface.py::TestInterface::test_match_host_name PASSED
lib/tests/test_mnemonic.py::Test_NewMnemonic::test_random_seeds PASSED
lib/tests/test_mnemonic.py::Test_NewMnemonic::test_to_seed PASSED
lib/tests/test_mnemonic.py::Test_OldMnemonic::test PASSED
lib/tests/test_mnemonic.py::Test_BIP39Checksum::test PASSED
lib/tests/test_simple_config.py::Test_SimpleConfig::test_can_set_options_from_system_config PASSED
lib/tests/test_simple_config.py::Test_SimpleConfig::test_can_set_options_from_system_config_if_portable PASSED
lib/tests/test_simple_config.py::Test_SimpleConfig::test_can_set_options_set_in_user_config PASSED
lib/tests/test_simple_config.py::Test_SimpleConfig::test_cannot_set_options_passed_by_command_line PASSED
lib/tests/test_simple_config.py::Test_SimpleConfig::test_simple_config_command_line_overrides_everything PASSED
lib/tests/test_simple_config.py::Test_SimpleConfig::test_simple_config_key_rename PASSED
lib/tests/test_simple_config.py::Test_SimpleConfig::test_simple_config_system_config_ignored_if_portable PASSED
lib/tests/test_simple_config.py::Test_SimpleConfig::test_simple_config_user_config_is_used_if_others_arent_specified PASSED
lib/tests/test_simple_config.py::Test_SimpleConfig::test_simple_config_user_config_overrides_system_config PASSED
lib/tests/test_simple_config.py::Test_SimpleConfig::test_user_config_is_not_written_with_read_only_config PASSED
lib/tests/test_simple_config.py::TestSystemConfig::test_read_system_config_file_does_not_exist PASSED
lib/tests/test_simple_config.py::TestSystemConfig::test_read_system_config_file_no_sections PASSED
lib/tests/test_simple_config.py::TestSystemConfig::test_read_system_config_file_returns_file_options PASSED
lib/tests/test_simple_config.py::TestUserConfig::test_no_path_means_no_result PASSED
lib/tests/test_simple_config.py::TestUserConfig::test_path_with_reprd_object PASSED
lib/tests/test_simple_config.py::TestUserConfig::test_path_without_config_file PASSED
lib/tests/test_transaction.py::TestBCDataStream::test_bytes PASSED
lib/tests/test_transaction.py::TestBCDataStream::test_compact_size PASSED
lib/tests/test_transaction.py::TestBCDataStream::test_string PASSED
lib/tests/test_transaction.py::TestTransaction::test_errors PASSED
lib/tests/test_transaction.py::TestTransaction::test_parse_xpub PASSED
lib/tests/test_transaction.py::TestTransaction::test_tx_signed PASSED
lib/tests/test_transaction.py::TestTransaction::test_tx_unsigned PASSED
lib/tests/test_transaction.py::TestTransaction::test_version_field PASSED
lib/tests/test_util.py::TestUtil::test_format_satoshis PASSED
lib/tests/test_util.py::TestUtil::test_format_satoshis_diff_negative PASSED
lib/tests/test_util.py::TestUtil::test_format_satoshis_diff_positive PASSED
lib/tests/test_util.py::TestUtil::test_parse_URI_address PASSED
lib/tests/test_util.py::TestUtil::test_parse_URI_address_amount PASSED
lib/tests/test_util.py::TestUtil::test_parse_URI_address_label PASSED
lib/tests/test_util.py::TestUtil::test_parse_URI_address_message PASSED
lib/tests/test_util.py::TestUtil::test_parse_URI_address_request_url PASSED
lib/tests/test_util.py::TestUtil::test_parse_URI_ignore_args PASSED
lib/tests/test_util.py::TestUtil::test_parse_URI_invalid PASSED
lib/tests/test_util.py::TestUtil::test_parse_URI_invalid_address PASSED
lib/tests/test_util.py::TestUtil::test_parse_URI_multiple_args PASSED
lib/tests/test_util.py::TestUtil::test_parse_URI_no_address_request_url PASSED
lib/tests/test_util.py::TestUtil::test_parse_URI_only_address PASSED
lib/tests/test_util.py::TestUtil::test_parse_URI_parameter_polution PASSED
lib/tests/test_wallet.py::TestWalletStorage::test_read_dictionnary_from_file PASSED
lib/tests/test_wallet.py::TestWalletStorage::test_write_dictionnary_to_file PASSED
packages/google/protobuf/internal/descriptor_database_test.py::DescriptorDatabaseTest::testAdd PASSED
packages/google/protobuf/internal/descriptor_pool_test.py::DescriptorPoolTest::testAddSerializedFile PASSED
packages/google/protobuf/internal/descriptor_pool_test.py::DescriptorPoolTest::testComplexNesting PASSED
packages/google/protobuf/internal/descriptor_pool_test.py::DescriptorPoolTest::testDefaultValueForCustomMessages PASSED
packages/google/protobuf/internal/descriptor_pool_test.py::DescriptorPoolTest::testEnumDefaultValue PASSED
packages/google/protobuf/internal/descriptor_pool_test.py::DescriptorPoolTest::testExtensionsAreNotFields PASSED
packages/google/protobuf/internal/descriptor_pool_test.py::DescriptorPoolTest::testFindAllExtensions PASSED
packages/google/protobuf/internal/descriptor_pool_test.py::DescriptorPoolTest::testFindEnumTypeByName PASSED
packages/google/protobuf/internal/descriptor_pool_test.py::DescriptorPoolTest::testFindEnumTypeByNameFailure PASSED
packages/google/protobuf/internal/descriptor_pool_test.py::DescriptorPoolTest::testFindExtensionByName PASSED
packages/google/protobuf/internal/descriptor_pool_test.py::DescriptorPoolTest::testFindExtensionByNumber PASSED
packages/google/protobuf/internal/descriptor_pool_test.py::DescriptorPoolTest::testFindFieldByName PASSED
packages/google/protobuf/internal/descriptor_pool_test.py::DescriptorPoolTest::testFindFileByName PASSED
packages/google/protobuf/internal/descriptor_pool_test.py::DescriptorPoolTest::testFindFileByNameFailure PASSED
packages/google/protobuf/internal/descriptor_pool_test.py::DescriptorPoolTest::testFindFileContainingSymbol PASSED
packages/google/protobuf/internal/descriptor_pool_test.py::DescriptorPoolTest::testFindFileContainingSymbolFailure PASSED
packages/google/protobuf/internal/descriptor_pool_test.py::DescriptorPoolTest::testFindMessageTypeByName PASSED
packages/google/protobuf/internal/descriptor_pool_test.py::DescriptorPoolTest::testFindMessageTypeByNameFailure PASSED
packages/google/protobuf/internal/descriptor_pool_test.py::DescriptorPoolTest::testFindService PASSED
packages/google/protobuf/internal/descriptor_pool_test.py::DescriptorPoolTest::testUserDefinedDB PASSED
packages/google/protobuf/internal/descriptor_pool_test.py::AddDescriptorTest::testCustomDescriptorPool PASSED
packages/google/protobuf/internal/descriptor_pool_test.py::AddDescriptorTest::testEmptyDescriptorPool PASSED
packages/google/protobuf/internal/descriptor_pool_test.py::AddDescriptorTest::testEnum SKIPPED
packages/google/protobuf/internal/descriptor_pool_test.py::AddDescriptorTest::testFile SKIPPED
packages/google/protobuf/internal/descriptor_pool_test.py::AddDescriptorTest::testFileDescriptorOptionsWithCustomDescriptorPool PASSED
packages/google/protobuf/internal/descriptor_pool_test.py::AddDescriptorTest::testMessage SKIPPED
packages/google/protobuf/internal/descriptor_pool_test.py::AddDescriptorTest::testService SKIPPED
packages/google/protobuf/internal/descriptor_pool_test.py::DefaultPoolTest::testAddFileDescriptor PASSED
packages/google/protobuf/internal/descriptor_pool_test.py::DefaultPoolTest::testFindMethods PASSED
packages/google/protobuf/internal/descriptor_test.py::DescriptorTest::testAggregateOptions PASSED
packages/google/protobuf/internal/descriptor_test.py::DescriptorTest::testComplexExtensionOptions PASSED
packages/google/protobuf/internal/descriptor_test.py::DescriptorTest::testContainingServiceFixups PASSED
packages/google/protobuf/internal/descriptor_test.py::DescriptorTest::testContainingTypeFixups PASSED
packages/google/protobuf/internal/descriptor_test.py::DescriptorTest::testDifferentCustomOptionTypes PASSED
packages/google/protobuf/internal/descriptor_test.py::DescriptorTest::testEnumFixups PASSED
packages/google/protobuf/internal/descriptor_test.py::DescriptorTest::testEnumValueName PASSED
packages/google/protobuf/internal/descriptor_test.py::DescriptorTest::testFileDescriptor PASSED
packages/google/protobuf/internal/descriptor_test.py::DescriptorTest::testFileDescriptorReferences PASSED
packages/google/protobuf/internal/descriptor_test.py::DescriptorTest::testGetOptions PASSED
packages/google/protobuf/internal/descriptor_test.py::DescriptorTest::testImmutableCppDescriptor PASSED
packages/google/protobuf/internal/descriptor_test.py::DescriptorTest::testNestedOptions PASSED
packages/google/protobuf/internal/descriptor_test.py::DescriptorTest::testSimpleCustomOptions PASSED
packages/google/protobuf/internal/descriptor_test.py::NewDescriptorTest::testAggregateOptions PASSED
packages/google/protobuf/internal/descriptor_test.py::NewDescriptorTest::testComplexExtensionOptions PASSED
packages/google/protobuf/internal/descriptor_test.py::NewDescriptorTest::testContainingServiceFixups PASSED
packages/google/protobuf/internal/descriptor_test.py::NewDescriptorTest::testContainingTypeFixups PASSED
packages/google/protobuf/internal/descriptor_test.py::NewDescriptorTest::testDifferentCustomOptionTypes PASSED
packages/google/protobuf/internal/descriptor_test.py::NewDescriptorTest::testEnumFixups PASSED
packages/google/protobuf/internal/descriptor_test.py::NewDescriptorTest::testEnumValueName PASSED
packages/google/protobuf/internal/descriptor_test.py::NewDescriptorTest::testFileDescriptor PASSED
packages/google/protobuf/internal/descriptor_test.py::NewDescriptorTest::testFileDescriptorReferences PASSED
packages/google/protobuf/internal/descriptor_test.py::NewDescriptorTest::testGetOptions PASSED
packages/google/protobuf/internal/descriptor_test.py::NewDescriptorTest::testImmutableCppDescriptor PASSED
packages/google/protobuf/internal/descriptor_test.py::NewDescriptorTest::testNestedOptions PASSED
packages/google/protobuf/internal/descriptor_test.py::NewDescriptorTest::testSimpleCustomOptions PASSED
packages/google/protobuf/internal/descriptor_test.py::GeneratedDescriptorTest::testCppDescriptorContainer PASSED
packages/google/protobuf/internal/descriptor_test.py::GeneratedDescriptorTest::testCppDescriptorContainer_Iterator PASSED
packages/google/protobuf/internal/descriptor_test.py::GeneratedDescriptorTest::testDescriptor PASSED
packages/google/protobuf/internal/descriptor_test.py::GeneratedDescriptorTest::testServiceDescriptor PASSED
packages/google/protobuf/internal/descriptor_test.py::DescriptorCopyToProtoTest::testCopyToProto_AllExtensions PASSED
packages/google/protobuf/internal/descriptor_test.py::DescriptorCopyToProtoTest::testCopyToProto_EmptyMessage PASSED
packages/google/protobuf/internal/descriptor_test.py::DescriptorCopyToProtoTest::testCopyToProto_ForeignEnum PASSED
packages/google/protobuf/internal/descriptor_test.py::DescriptorCopyToProtoTest::testCopyToProto_ForeignNestedMessage PASSED
packages/google/protobuf/internal/descriptor_test.py::DescriptorCopyToProtoTest::testCopyToProto_NestedMessage PASSED
packages/google/protobuf/internal/descriptor_test.py::DescriptorCopyToProtoTest::testCopyToProto_Options PASSED
packages/google/protobuf/internal/descriptor_test.py::DescriptorCopyToProtoTest::testCopyToProto_ServiceDescriptor PASSED
packages/google/protobuf/internal/descriptor_test.py::DescriptorCopyToProtoTest::testCopyToProto_SeveralExtensions PASSED
packages/google/protobuf/internal/descriptor_test.py::MakeDescriptorTest::testCamelcaseName PASSED
packages/google/protobuf/internal/descriptor_test.py::MakeDescriptorTest::testJsonName PASSED
packages/google/protobuf/internal/descriptor_test.py::MakeDescriptorTest::testMakeDescriptorWithNestedFields PASSED
packages/google/protobuf/internal/descriptor_test.py::MakeDescriptorTest::testMakeDescriptorWithOptions PASSED
packages/google/protobuf/internal/descriptor_test.py::MakeDescriptorTest::testMakeDescriptorWithUnsignedIntField PASSED
packages/google/protobuf/internal/generator_test.py::GeneratorTest::testBadIdentifiers PASSED
packages/google/protobuf/internal/generator_test.py::GeneratorTest::testContainingType PASSED
packages/google/protobuf/internal/generator_test.py::GeneratorTest::testContainingTypeBehaviorForExtensions PASSED
packages/google/protobuf/internal/generator_test.py::GeneratorTest::testContainingTypeInEnumDescriptor PASSED
packages/google/protobuf/internal/generator_test.py::GeneratorTest::testEnumTypesByName PASSED
packages/google/protobuf/internal/generator_test.py::GeneratorTest::testEnums PASSED
packages/google/protobuf/internal/generator_test.py::GeneratorTest::testExtensionRange PASSED
packages/google/protobuf/internal/generator_test.py::GeneratorTest::testExtensionScope PASSED
packages/google/protobuf/internal/generator_test.py::GeneratorTest::testExtensionsByName PASSED
packages/google/protobuf/internal/generator_test.py::GeneratorTest::testExtremeDefaultValues PASSED
packages/google/protobuf/internal/generator_test.py::GeneratorTest::testFileDescriptor PASSED
packages/google/protobuf/internal/generator_test.py::GeneratorTest::testHasDefaultValues PASSED
packages/google/protobuf/internal/generator_test.py::GeneratorTest::testIsExtension PASSED
packages/google/protobuf/internal/generator_test.py::GeneratorTest::testMessageTypesByName PASSED
packages/google/protobuf/internal/generator_test.py::GeneratorTest::testMessageWithCustomOptions PASSED
packages/google/protobuf/internal/generator_test.py::GeneratorTest::testNestedMessageDescriptor PASSED
packages/google/protobuf/internal/generator_test.py::GeneratorTest::testNestedTypes PASSED
packages/google/protobuf/internal/generator_test.py::GeneratorTest::testNoGenericServices PASSED
packages/google/protobuf/internal/generator_test.py::GeneratorTest::testOneof PASSED
packages/google/protobuf/internal/generator_test.py::GeneratorTest::testOptions PASSED
packages/google/protobuf/internal/generator_test.py::GeneratorTest::testPackage PASSED
packages/google/protobuf/internal/generator_test.py::GeneratorTest::testPublicImports PASSED
packages/google/protobuf/internal/generator_test.py::SymbolDatabaseRegistrationTest::testEnums PASSED
packages/google/protobuf/internal/generator_test.py::SymbolDatabaseRegistrationTest::testFindFileByName PASSED
packages/google/protobuf/internal/generator_test.py::SymbolDatabaseRegistrationTest::testGetSymbol PASSED
packages/google/protobuf/internal/json_format_test.py::JsonFormatTest::testAllFieldsToJson PASSED
packages/google/protobuf/internal/json_format_test.py::JsonFormatTest::testAlwaysSeriliaze PASSED
packages/google/protobuf/internal/json_format_test.py::JsonFormatTest::testAnyMessage PASSED
packages/google/protobuf/internal/json_format_test.py::JsonFormatTest::testDuplicateField PASSED
packages/google/protobuf/internal/json_format_test.py::JsonFormatTest::testDurationMessage PASSED
packages/google/protobuf/internal/json_format_test.py::JsonFormatTest::testEmptyMessageToJson PASSED
packages/google/protobuf/internal/json_format_test.py::JsonFormatTest::testExtensionSerializationDictMatchesProto3Spec PASSED
packages/google/protobuf/internal/json_format_test.py::JsonFormatTest::testExtensionSerializationJsonMatchesProto3Spec PASSED
packages/google/protobuf/internal/json_format_test.py::JsonFormatTest::testExtensionToDictAndBack PASSED
packages/google/protobuf/internal/json_format_test.py::JsonFormatTest::testExtensionToJsonAndBack PASSED
packages/google/protobuf/internal/json_format_test.py::JsonFormatTest::testFieldMaskMessage PASSED
packages/google/protobuf/internal/json_format_test.py::JsonFormatTest::testIgnoreUnknownField PASSED
packages/google/protobuf/internal/json_format_test.py::JsonFormatTest::testIndent PASSED
packages/google/protobuf/internal/json_format_test.py::JsonFormatTest::testIntegersRepresentedAsFloat PASSED
packages/google/protobuf/internal/json_format_test.py::JsonFormatTest::testInvalidAny PASSED
packages/google/protobuf/internal/json_format_test.py::JsonFormatTest::testInvalidBoolValue PASSED
packages/google/protobuf/internal/json_format_test.py::JsonFormatTest::testInvalidBytesValue PASSED
packages/google/protobuf/internal/json_format_test.py::JsonFormatTest::testInvalidFloatValue PASSED
packages/google/protobuf/internal/json_format_test.py::JsonFormatTest::testInvalidIntegerValue PASSED
packages/google/protobuf/internal/json_format_test.py::JsonFormatTest::testInvalidListValue PASSED
packages/google/protobuf/internal/json_format_test.py::JsonFormatTest::testInvalidMap PASSED
packages/google/protobuf/internal/json_format_test.py::JsonFormatTest::testInvalidOneof PASSED
packages/google/protobuf/internal/json_format_test.py::JsonFormatTest::testInvalidStruct PASSED
packages/google/protobuf/internal/json_format_test.py::JsonFormatTest::testInvalidTimestamp PASSED
packages/google/protobuf/internal/json_format_test.py::JsonFormatTest::testJsonEscapeString PASSED
packages/google/protobuf/internal/json_format_test.py::JsonFormatTest::testJsonName PASSED
packages/google/protobuf/internal/json_format_test.py::JsonFormatTest::testListValueMessage PASSED
packages/google/protobuf/internal/json_format_test.py::JsonFormatTest::testMapFields PASSED
packages/google/protobuf/internal/json_format_test.py::JsonFormatTest::testMessageToDict PASSED
packages/google/protobuf/internal/json_format_test.py::JsonFormatTest::testNanFloat PASSED
packages/google/protobuf/internal/json_format_test.py::JsonFormatTest::testOneofFields PASSED
packages/google/protobuf/internal/json_format_test.py::JsonFormatTest::testParseBadIdentifer PASSED
packages/google/protobuf/internal/json_format_test.py::JsonFormatTest::testParseDict PASSED
packages/google/protobuf/internal/json_format_test.py::JsonFormatTest::testParseEmptyText PASSED
packages/google/protobuf/internal/json_format_test.py::JsonFormatTest::testParseEnumValue PASSED
packages/google/protobuf/internal/json_format_test.py::JsonFormatTest::testParseNull PASSED
packages/google/protobuf/internal/json_format_test.py::JsonFormatTest::testPartialMessageToJson PASSED
packages/google/protobuf/internal/json_format_test.py::JsonFormatTest::testPreservingProtoFieldNames PASSED
packages/google/protobuf/internal/json_format_test.py::JsonFormatTest::testSortKeys PASSED
packages/google/protobuf/internal/json_format_test.py::JsonFormatTest::testStructMessage PASSED
packages/google/protobuf/internal/json_format_test.py::JsonFormatTest::testSurrogates PASSED
packages/google/protobuf/internal/json_format_test.py::JsonFormatTest::testTimestampMessage PASSED
packages/google/protobuf/internal/json_format_test.py::JsonFormatTest::testValueMessage PASSED
packages/google/protobuf/internal/json_format_test.py::JsonFormatTest::testWellKnownInAnyMessage PASSED
packages/google/protobuf/internal/json_format_test.py::JsonFormatTest::testWrapperMessage PASSED
packages/google/protobuf/internal/message_factory_test.py::MessageFactoryTest::testDuplicateExtensionNumber PASSED
packages/google/protobuf/internal/message_factory_test.py::MessageFactoryTest::testGetMessages PASSED
packages/google/protobuf/internal/message_factory_test.py::MessageFactoryTest::testGetPrototype PASSED
packages/google/protobuf/internal/message_test.py::MessageTest::testAssignByteStringToUnicodeField_proto2 PASSED
packages/google/protobuf/internal/message_test.py::MessageTest::testAssignByteStringToUnicodeField_proto3 PASSED
packages/google/protobuf/internal/message_test.py::MessageTest::testBadUtf8String_proto2 SKIPPED
packages/google/protobuf/internal/message_test.py::MessageTest::testBadUtf8String_proto3 SKIPPED
packages/google/protobuf/internal/message_test.py::MessageTest::testDeterminismParameters_proto2 PASSED
packages/google/protobuf/internal/message_test.py::MessageTest::testDeterminismParameters_proto3 PASSED
packages/google/protobuf/internal/message_test.py::MessageTest::testExtendFloatWithIterable_proto2 PASSED
packages/google/protobuf/internal/message_test.py::MessageTest::testExtendFloatWithIterable_proto3 PASSED
packages/google/protobuf/internal/message_test.py::MessageTest::testExtendFloatWithNothing_proto2 PASSED
packages/google/protobuf/internal/message_test.py::MessageTest::testExtendFloatWithNothing_proto3 PASSED
packages/google/protobuf/internal/message_test.py::MessageTest::testExtendFloatWithPythonList_proto2 PASSED
packages/google/protobuf/internal/message_test.py::MessageTest::testExtendFloatWithPythonList_proto3 PASSED
packages/google/protobuf/internal/message_test.py::MessageTest::testExtendInt32WithIterable_proto2 PASSED
packages/google/protobuf/internal/message_test.py::MessageTest::testExtendInt32WithIterable_proto3 PASSED
packages/google/protobuf/internal/message_test.py::MessageTest::testExtendInt32WithNothing_proto2 PASSED
packages/google/protobuf/internal/message_test.py::MessageTest::testExtendInt32WithNothing_proto3 PASSED
packages/google/protobuf/internal/message_test.py::MessageTest::testExtendInt32WithPythonList_proto2 PASSED
packages/google/protobuf/internal/message_test.py::MessageTest::testExtendInt32WithPythonList_proto3 PASSED
packages/google/protobuf/internal/message_test.py::MessageTest::testExtendShouldNotSwallowExceptions_proto2 PASSED
packages/google/protobuf/internal/message_test.py::MessageTest::testExtendShouldNotSwallowExceptions_proto3 PASSED
packages/google/protobuf/internal/message_test.py::MessageTest::testExtendStringWithIterable_proto2 PASSED
packages/google/protobuf/internal/message_test.py::MessageTest::testExtendStringWithIterable_proto3 PASSED
packages/google/protobuf/internal/message_test.py::MessageTest::testExtendStringWithNothing_proto2 PASSED
packages/google/protobuf/internal/message_test.py::MessageTest::testExtendStringWithNothing_proto3 PASSED
packages/google/protobuf/internal/message_test.py::MessageTest::testExtendStringWithPythonList_proto2 PASSED
packages/google/protobuf/internal/message_test.py::MessageTest::testExtendStringWithPythonList_proto3 PASSED
packages/google/protobuf/internal/message_test.py::MessageTest::testExtendStringWithString_proto2 PASSED
packages/google/protobuf/internal/message_test.py::MessageTest::testExtendStringWithString_proto3 PASSED
packages/google/protobuf/internal/message_test.py::MessageTest::testExtremeDoubleValues_proto2 PASSED
packages/google/protobuf/internal/message_test.py::MessageTest::testExtremeDoubleValues_proto3 PASSED
packages/google/protobuf/internal/message_test.py::MessageTest::testExtremeFloatValues_proto2 PASSED
packages/google/protobuf/internal/message_test.py::MessageTest::testExtremeFloatValues_proto3 PASSED
packages/google/protobuf/internal/message_test.py::MessageTest::testFloatPrinting_proto2 PASSED
packages/google/protobuf/internal/message_test.py::MessageTest::testFloatPrinting_proto3 PASSED
packages/google/protobuf/internal/message_test.py::MessageTest::testGoldenMessage_proto2 FAILED
packages/google/protobuf/internal/message_test.py::MessageTest::testGoldenMessage_proto3 FAILED
packages/google/protobuf/internal/message_test.py::MessageTest::testGoldenPackedMessage_proto2 FAILED
packages/google/protobuf/internal/message_test.py::MessageTest::testGoldenPackedMessage_proto3 FAILED
packages/google/protobuf/internal/message_test.py::MessageTest::testHasFieldOnRepeatedField_proto2 PASSED
packages/google/protobuf/internal/message_test.py::MessageTest::testHasFieldOnRepeatedField_proto3 PASSED
packages/google/protobuf/internal/message_test.py::MessageTest::testHighPrecisionFloatPrinting_proto2 PASSED
packages/google/protobuf/internal/message_test.py::MessageTest::testHighPrecisionFloatPrinting_proto3 PASSED
packages/google/protobuf/internal/message_test.py::MessageTest::testLongValuedSlice_proto2 PASSED
packages/google/protobuf/internal/message_test.py::MessageTest::testLongValuedSlice_proto3 PASSED
packages/google/protobuf/internal/message_test.py::MessageTest::testNegativeInfinityPacked_proto2 PASSED
packages/google/protobuf/internal/message_test.py::MessageTest::testNegativeInfinityPacked_proto3 PASSED
packages/google/protobuf/internal/message_test.py::MessageTest::testNegativeInfinity_proto2 PASSED
packages/google/protobuf/internal/message_test.py::MessageTest::testNegativeInfinity_proto3 PASSED
packages/google/protobuf/internal/message_test.py::MessageTest::testNotANumberPacked_proto2 PASSED
packages/google/protobuf/internal/message_test.py::MessageTest::testNotANumberPacked_proto3 PASSED
packages/google/protobuf/internal/message_test.py::MessageTest::testNotANumber_proto2 PASSED
packages/google/protobuf/internal/message_test.py::MessageTest::testNotANumber_proto3 PASSED
packages/google/protobuf/internal/message_test.py::MessageTest::testOneofClearField_proto2 PASSED
packages/google/protobuf/internal/message_test.py::MessageTest::testOneofClearField_proto3 PASSED
packages/google/protobuf/internal/message_test.py::MessageTest::testOneofClearSetField_proto2 PASSED
packages/google/protobuf/internal/message_test.py::MessageTest::testOneofClearSetField_proto3 PASSED
packages/google/protobuf/internal/message_test.py::MessageTest::testOneofClearUnsetField_proto2 PASSED
packages/google/protobuf/internal/message_test.py::MessageTest::testOneofClearUnsetField_proto3 PASSED
packages/google/protobuf/internal/message_test.py::MessageTest::testOneofClear_proto2 PASSED
packages/google/protobuf/internal/message_test.py::MessageTest::testOneofClear_proto3 PASSED
packages/google/protobuf/internal/message_test.py::MessageTest::testOneofCompositeFieldReadAccess_proto2 PASSED
packages/google/protobuf/internal/message_test.py::MessageTest::testOneofCompositeFieldReadAccess_proto3 PASSED
packages/google/protobuf/internal/message_test.py::MessageTest::testOneofCopyFrom_proto2 PASSED
packages/google/protobuf/internal/message_test.py::MessageTest::testOneofCopyFrom_proto3 PASSED
packages/google/protobuf/internal/message_test.py::MessageTest::testOneofDefaultValues_proto2 PASSED
packages/google/protobuf/internal/message_test.py::MessageTest::testOneofDefaultValues_proto3 PASSED
packages/google/protobuf/internal/message_test.py::MessageTest::testOneofDeserialize_proto2 PASSED
packages/google/protobuf/internal/message_test.py::MessageTest::testOneofDeserialize_proto3 PASSED
packages/google/protobuf/internal/message_test.py::MessageTest::testOneofGetCaseNonexistingField_proto2 PASSED
packages/google/protobuf/internal/message_test.py::MessageTest::testOneofGetCaseNonexistingField_proto3 PASSED
packages/google/protobuf/internal/message_test.py::MessageTest::testOneofMessageMergeFrom_proto2 PASSED
packages/google/protobuf/internal/message_test.py::MessageTest::testOneofMessageMergeFrom_proto3 PASSED
packages/google/protobuf/internal/message_test.py::MessageTest::testOneofNestedMergeFrom_proto2 PASSED
packages/google/protobuf/internal/message_test.py::MessageTest::testOneofNestedMergeFrom_proto3 PASSED
packages/google/protobuf/internal/message_test.py::MessageTest::testOneofNestedMessageInit_proto2 PASSED
packages/google/protobuf/internal/message_test.py::MessageTest::testOneofNestedMessageInit_proto3 PASSED
packages/google/protobuf/internal/message_test.py::MessageTest::testOneofSemantics_proto2 PASSED
packages/google/protobuf/internal/message_test.py::MessageTest::testOneofSemantics_proto3 PASSED
packages/google/protobuf/internal/message_test.py::MessageTest::testOneofWhichOneof_proto2 PASSED
packages/google/protobuf/internal/message_test.py::MessageTest::testOneofWhichOneof_proto3 PASSED
packages/google/protobuf/internal/message_test.py::MessageTest::testPickleRepeatedScalarContainer_proto2 PASSED
packages/google/protobuf/internal/message_test.py::MessageTest::testPickleRepeatedScalarContainer_proto3 PASSED
packages/google/protobuf/internal/message_test.py::MessageTest::testPickleSupport_proto2 FAILED
packages/google/protobuf/internal/message_test.py::MessageTest::testPickleSupport_proto3 FAILED
packages/google/protobuf/internal/message_test.py::MessageTest::testPositiveInfinityPacked_proto2 PASSED
packages/google/protobuf/internal/message_test.py::MessageTest::testPositiveInfinityPacked_proto3 PASSED
packages/google/protobuf/internal/message_test.py::MessageTest::testPositiveInfinity_proto2 PASSED
packages/google/protobuf/internal/message_test.py::MessageTest::testPositiveInfinity_proto3 PASSED
packages/google/protobuf/internal/message_test.py::MessageTest::testRepeatedCompositeFieldPop_proto2 PASSED
packages/google/protobuf/internal/message_test.py::MessageTest::testRepeatedCompositeFieldPop_proto3 PASSED
packages/google/protobuf/internal/message_test.py::MessageTest::testRepeatedCompositeFieldSortArguments_proto2 PASSED
packages/google/protobuf/internal/message_test.py::MessageTest::testRepeatedCompositeFieldSortArguments_proto3 PASSED
packages/google/protobuf/internal/message_test.py::MessageTest::testRepeatedFieldInsideNestedMessage_proto2 PASSED
packages/google/protobuf/internal/message_test.py::MessageTest::testRepeatedFieldInsideNestedMessage_proto3 PASSED
packages/google/protobuf/internal/message_test.py::MessageTest::testRepeatedFieldsAreSequences_proto2 PASSED
packages/google/protobuf/internal/message_test.py::MessageTest::testRepeatedFieldsAreSequences_proto3 PASSED
packages/google/protobuf/internal/message_test.py::MessageTest::testRepeatedFieldsComparable_proto2 PASSED
packages/google/protobuf/internal/message_test.py::MessageTest::testRepeatedFieldsComparable_proto3 PASSED
packages/google/protobuf/internal/message_test.py::MessageTest::testRepeatedNestedFieldIteration_proto2 PASSED
packages/google/protobuf/internal/message_test.py::MessageTest::testRepeatedNestedFieldIteration_proto3 PASSED
packages/google/protobuf/internal/message_test.py::MessageTest::testRepeatedScalarFieldPop_proto2 PASSED
packages/google/protobuf/internal/message_test.py::MessageTest::testRepeatedScalarFieldPop_proto3 PASSED
packages/google/protobuf/internal/message_test.py::MessageTest::testRepeatedScalarFieldSortArguments_proto2 PASSED
packages/google/protobuf/internal/message_test.py::MessageTest::testRepeatedScalarFieldSortArguments_proto3 PASSED
packages/google/protobuf/internal/message_test.py::MessageTest::testSortEmptyRepeatedCompositeContainer_proto2 PASSED
packages/google/protobuf/internal/message_test.py::MessageTest::testSortEmptyRepeatedCompositeContainer_proto3 PASSED
packages/google/protobuf/internal/message_test.py::MessageTest::testSortingRepeatedCompositeFieldsCustomComparator_proto2 PASSED
packages/google/protobuf/internal/message_test.py::MessageTest::testSortingRepeatedCompositeFieldsCustomComparator_proto3 PASSED
packages/google/protobuf/internal/message_test.py::MessageTest::testSortingRepeatedCompositeFieldsStable_proto2 PASSED
packages/google/protobuf/internal/message_test.py::MessageTest::testSortingRepeatedCompositeFieldsStable_proto3 PASSED
packages/google/protobuf/internal/message_test.py::MessageTest::testSortingRepeatedScalarFieldsCustomComparator_proto2 PASSED
packages/google/protobuf/internal/message_test.py::MessageTest::testSortingRepeatedScalarFieldsCustomComparator_proto3 PASSED
packages/google/protobuf/internal/message_test.py::MessageTest::testSortingRepeatedScalarFieldsDefaultComparator_proto2 PASSED
packages/google/protobuf/internal/message_test.py::MessageTest::testSortingRepeatedScalarFieldsDefaultComparator_proto3 PASSED
packages/google/protobuf/internal/message_test.py::MessageTest::testUnknownFieldPrinting_proto2 PASSED
packages/google/protobuf/internal/message_test.py::MessageTest::testUnknownFieldPrinting_proto3 PASSED
packages/google/protobuf/internal/message_test.py::Proto2Test::testAssignInvalidEnum PASSED
packages/google/protobuf/internal/message_test.py::Proto2Test::testFieldPresence PASSED
packages/google/protobuf/internal/message_test.py::Proto2Test::testGoldenExtensions FAILED
packages/google/protobuf/internal/message_test.py::Proto2Test::testGoldenPackedExtensions FAILED
packages/google/protobuf/internal/message_test.py::Proto2Test::testParsingMerge PASSED
packages/google/protobuf/internal/message_test.py::Proto2Test::testPickleIncompleteProto PASSED
packages/google/protobuf/internal/message_test.py::Proto2Test::testPythonicInit PASSED
packages/google/protobuf/internal/message_test.py::Proto3Test::testAssignUnknownEnum PASSED
packages/google/protobuf/internal/message_test.py::Proto3Test::testCopyFromBadType PASSED
packages/google/protobuf/internal/message_test.py::Proto3Test::testFieldPresence PASSED
packages/google/protobuf/internal/message_test.py::Proto3Test::testIntegerMapWithLongs PASSED
packages/google/protobuf/internal/message_test.py::Proto3Test::testMapAssignmentCausesPresence PASSED
packages/google/protobuf/internal/message_test.py::Proto3Test::testMapAssignmentCausesPresenceForSubmessages PASSED
packages/google/protobuf/internal/message_test.py::Proto3Test::testMapByteSize PASSED
packages/google/protobuf/internal/message_test.py::Proto3Test::testMapConstruction PASSED
packages/google/protobuf/internal/message_test.py::Proto3Test::testMapDelete PASSED
packages/google/protobuf/internal/message_test.py::Proto3Test::testMapDeterministicSerialization PASSED
packages/google/protobuf/internal/message_test.py::Proto3Test::testMapFindInitializationErrorsSmokeTest PASSED
packages/google/protobuf/internal/message_test.py::Proto3Test::testMapGet PASSED
packages/google/protobuf/internal/message_test.py::Proto3Test::testMapItems PASSED
packages/google/protobuf/internal/message_test.py::Proto3Test::testMapIterInvalidatedByClearField PASSED
packages/google/protobuf/internal/message_test.py::Proto3Test::testMapIteration PASSED
packages/google/protobuf/internal/message_test.py::Proto3Test::testMapIterationClearMessage PASSED
packages/google/protobuf/internal/message_test.py::Proto3Test::testMapValidAfterFieldCleared PASSED
packages/google/protobuf/internal/message_test.py::Proto3Test::testMapsAreMapping PASSED
packages/google/protobuf/internal/message_test.py::Proto3Test::testMergeFrom PASSED
packages/google/protobuf/internal/message_test.py::Proto3Test::testMergeFromBadType PASSED
packages/google/protobuf/internal/message_test.py::Proto3Test::testMessageMap PASSED
packages/google/protobuf/internal/message_test.py::Proto3Test::testMessageMapValidAfterFieldCleared PASSED
packages/google/protobuf/internal/message_test.py::Proto3Test::testModifyMapWhileIterating PASSED
packages/google/protobuf/internal/message_test.py::Proto3Test::testNestedMessageMapItemDelete PASSED
packages/google/protobuf/internal/message_test.py::Proto3Test::testScalarMap PASSED
packages/google/protobuf/internal/message_test.py::Proto3Test::testScalarMapDefaults PASSED
packages/google/protobuf/internal/message_test.py::Proto3Test::testStringUnicodeConversionInMap PASSED
packages/google/protobuf/internal/message_test.py::Proto3Test::testSubmessageMap PASSED
packages/google/protobuf/internal/message_test.py::ValidTypeNamesTest::testTypeNamesCanBeImported PASSED
packages/google/protobuf/internal/message_test.py::PackedFieldTest::testPackedFields PASSED
packages/google/protobuf/internal/message_test.py::PackedFieldTest::testUnpackedFields PASSED
packages/google/protobuf/internal/message_test.py::OversizeProtosTest::testAssertOversizeProto PASSED
packages/google/protobuf/internal/message_test.py::OversizeProtosTest::testSucceedOversizeProto PASSED
packages/google/protobuf/internal/proto_builder_test.py::ProtoBuilderTest::testMakeSameProtoClassTwice PASSED
packages/google/protobuf/internal/proto_builder_test.py::ProtoBuilderTest::testMakeSimpleProtoClass PASSED
packages/google/protobuf/internal/proto_builder_test.py::ProtoBuilderTest::testOrderedFields PASSED
packages/google/protobuf/internal/reflection_test.py::ReflectionTest::testBytesInTextFormat PASSED
packages/google/protobuf/internal/reflection_test.py::ReflectionTest::testClear PASSED
packages/google/protobuf/internal/reflection_test.py::ReflectionTest::testClearFieldWithUnknownFieldName PASSED
packages/google/protobuf/internal/reflection_test.py::ReflectionTest::testClearRemovesChildren PASSED
packages/google/protobuf/internal/reflection_test.py::ReflectionTest::testConstructorInvalidatesCachedByteSize PASSED
packages/google/protobuf/internal/reflection_test.py::ReflectionTest::testConstructorTypeError PASSED
packages/google/protobuf/internal/reflection_test.py::ReflectionTest::testCopyFromAllFields PASSED
packages/google/protobuf/internal/reflection_test.py::ReflectionTest::testCopyFromBadType PASSED
packages/google/protobuf/internal/reflection_test.py::ReflectionTest::testCopyFromRepeatedField PASSED
packages/google/protobuf/internal/reflection_test.py::ReflectionTest::testCopyFromSelf PASSED
packages/google/protobuf/internal/reflection_test.py::ReflectionTest::testCopyFromSingularField PASSED
packages/google/protobuf/internal/reflection_test.py::ReflectionTest::testDeepCopy PASSED
packages/google/protobuf/internal/reflection_test.py::ReflectionTest::testDefaultValues PASSED
packages/google/protobuf/internal/reflection_test.py::ReflectionTest::testDescriptorProtoSupport PASSED
packages/google/protobuf/internal/reflection_test.py::ReflectionTest::testDisallowedAssignments PASSED
packages/google/protobuf/internal/reflection_test.py::ReflectionTest::testDisconnectingBeforeClear PASSED
packages/google/protobuf/internal/reflection_test.py::ReflectionTest::testDisconnectingInOneof PASSED
packages/google/protobuf/internal/reflection_test.py::ReflectionTest::testDisconnectingLazyNestedMessage PASSED
packages/google/protobuf/internal/reflection_test.py::ReflectionTest::testDisconnectingNestedMessageAfterMerge PASSED
packages/google/protobuf/internal/reflection_test.py::ReflectionTest::testDisconnectingNestedMessageAfterSettingField PASSED
packages/google/protobuf/internal/reflection_test.py::ReflectionTest::testDisconnectingNestedMessageBeforeGettingField PASSED
packages/google/protobuf/internal/reflection_test.py::ReflectionTest::testDisconnectingNestedMessageBeforeSettingField PASSED
packages/google/protobuf/internal/reflection_test.py::ReflectionTest::testDisconnectionAfterClearingEmptyMessage PASSED
packages/google/protobuf/internal/reflection_test.py::ReflectionTest::testEmptyNestedMessage PASSED
packages/google/protobuf/internal/reflection_test.py::ReflectionTest::testEnum_KeysAndValues PASSED
packages/google/protobuf/internal/reflection_test.py::ReflectionTest::testEnum_Name PASSED
packages/google/protobuf/internal/reflection_test.py::ReflectionTest::testEnum_Value PASSED
packages/google/protobuf/internal/reflection_test.py::ReflectionTest::testEnums PASSED
packages/google/protobuf/internal/reflection_test.py::ReflectionTest::testExtensionFailureModes PASSED
packages/google/protobuf/internal/reflection_test.py::ReflectionTest::testFileDescriptorErrors PASSED
packages/google/protobuf/internal/reflection_test.py::ReflectionTest::testGetDefaultMessageAfterDisconnectingDefaultMessage PASSED
packages/google/protobuf/internal/reflection_test.py::ReflectionTest::testHandWrittenReflection PASSED
packages/google/protobuf/internal/reflection_test.py::ReflectionTest::testHasBitsForAncestorsOfExtendedMessage PASSED
packages/google/protobuf/internal/reflection_test.py::ReflectionTest::testHasBitsForManyLevelsOfNesting PASSED
packages/google/protobuf/internal/reflection_test.py::ReflectionTest::testHasBitsWhenModifyingRepeatedFields PASSED
packages/google/protobuf/internal/reflection_test.py::ReflectionTest::testHasBitsWithSinglyNestedScalar PASSED
packages/google/protobuf/internal/reflection_test.py::ReflectionTest::testHasFieldWithUnknownFieldName PASSED
packages/google/protobuf/internal/reflection_test.py::ReflectionTest::testIllegalValuesForIntegers PASSED
packages/google/protobuf/internal/reflection_test.py::ReflectionTest::testIntegerTypes PASSED
packages/google/protobuf/internal/reflection_test.py::ReflectionTest::testIsInitialized PASSED
packages/google/protobuf/internal/reflection_test.py::ReflectionTest::testListFieldsAndExtensions PASSED
packages/google/protobuf/internal/reflection_test.py::ReflectionTest::testMergeFromAllFields PASSED
packages/google/protobuf/internal/reflection_test.py::ReflectionTest::testMergeFromBug PASSED
packages/google/protobuf/internal/reflection_test.py::ReflectionTest::testMergeFromExtensionsNestedMessage PASSED
packages/google/protobuf/internal/reflection_test.py::ReflectionTest::testMergeFromExtensionsRepeated PASSED
packages/google/protobuf/internal/reflection_test.py::ReflectionTest::testMergeFromExtensionsSingular PASSED
packages/google/protobuf/internal/reflection_test.py::ReflectionTest::testMergeFromOptionalGroup PASSED
packages/google/protobuf/internal/reflection_test.py::ReflectionTest::testMergeFromRepeatedField PASSED
packages/google/protobuf/internal/reflection_test.py::ReflectionTest::testMergeFromRepeatedNestedMessage PASSED
packages/google/protobuf/internal/reflection_test.py::ReflectionTest::testMergeFromSingularField PASSED
packages/google/protobuf/internal/reflection_test.py::ReflectionTest::testMixedConstructor PASSED
packages/google/protobuf/internal/reflection_test.py::ReflectionTest::testNestedExtensions PASSED
packages/google/protobuf/internal/reflection_test.py::ReflectionTest::testNonStandardIntegerTypes PASSED
packages/google/protobuf/internal/reflection_test.py::ReflectionTest::testNonStandardSingleScalarBoundsChecking PASSED
packages/google/protobuf/internal/reflection_test.py::ReflectionTest::testOneOf PASSED
packages/google/protobuf/internal/reflection_test.py::ReflectionTest::testPackageInitializationImport PASSED
packages/google/protobuf/internal/reflection_test.py::ReflectionTest::testReferencesToNestedMessage PASSED
packages/google/protobuf/internal/reflection_test.py::ReflectionTest::testRegisteredExtensions PASSED
packages/google/protobuf/internal/reflection_test.py::ReflectionTest::testRepeatedCompositeConstructor PASSED
packages/google/protobuf/internal/reflection_test.py::ReflectionTest::testRepeatedCompositeRemove PASSED
packages/google/protobuf/internal/reflection_test.py::ReflectionTest::testRepeatedComposites PASSED
packages/google/protobuf/internal/reflection_test.py::ReflectionTest::testRepeatedListExtensions PASSED
packages/google/protobuf/internal/reflection_test.py::ReflectionTest::testRepeatedListFields PASSED
packages/google/protobuf/internal/reflection_test.py::ReflectionTest::testRepeatedScalarConstructor PASSED
packages/google/protobuf/internal/reflection_test.py::ReflectionTest::testRepeatedScalarTypeSafety PASSED
packages/google/protobuf/internal/reflection_test.py::ReflectionTest::testRepeatedScalars PASSED
packages/google/protobuf/internal/reflection_test.py::ReflectionTest::testRepeatedScalarsRemove PASSED
packages/google/protobuf/internal/reflection_test.py::ReflectionTest::testScalarConstructor PASSED
packages/google/protobuf/internal/reflection_test.py::ReflectionTest::testSetInParent PASSED
packages/google/protobuf/internal/reflection_test.py::ReflectionTest::testSimpleHasBits PASSED
packages/google/protobuf/internal/reflection_test.py::ReflectionTest::testSingleScalarBoundsChecking PASSED
packages/google/protobuf/internal/reflection_test.py::ReflectionTest::testSingleScalarClearField PASSED
packages/google/protobuf/internal/reflection_test.py::ReflectionTest::testSingleScalarGettersAndSetters PASSED
packages/google/protobuf/internal/reflection_test.py::ReflectionTest::testSingleScalarTypeSafety PASSED
packages/google/protobuf/internal/reflection_test.py::ReflectionTest::testSingularListExtensions PASSED
packages/google/protobuf/internal/reflection_test.py::ReflectionTest::testSingularListFields PASSED
packages/google/protobuf/internal/reflection_test.py::ReflectionTest::testStaticParseFrom PASSED
packages/google/protobuf/internal/reflection_test.py::ReflectionTest::testStringUTF8Encoding PASSED
packages/google/protobuf/internal/reflection_test.py::ReflectionTest::testStringUTF8Serialization PASSED
packages/google/protobuf/internal/reflection_test.py::ReflectionTest::testTopLevelExtensionsForOptionalMessage PASSED
packages/google/protobuf/internal/reflection_test.py::ReflectionTest::testTopLevelExtensionsForOptionalScalar PASSED
packages/google/protobuf/internal/reflection_test.py::ReflectionTest::testTopLevelExtensionsForRepeatedMessage PASSED
packages/google/protobuf/internal/reflection_test.py::ReflectionTest::testTopLevelExtensionsForRepeatedScalar PASSED
packages/google/protobuf/internal/reflection_test.py::TestAllTypesEqualityTest::testEmptyProtosEqual PASSED
packages/google/protobuf/internal/reflection_test.py::TestAllTypesEqualityTest::testNotHashable PASSED
packages/google/protobuf/internal/reflection_test.py::TestAllTypesEqualityTest::testSelfEquality PASSED
packages/google/protobuf/internal/reflection_test.py::FullProtosEqualityTest::testAllFieldsFilledEquality PASSED
packages/google/protobuf/internal/reflection_test.py::FullProtosEqualityTest::testNonRepeatedComposite PASSED
packages/google/protobuf/internal/reflection_test.py::FullProtosEqualityTest::testNonRepeatedCompositeHasBits PASSED
packages/google/protobuf/internal/reflection_test.py::FullProtosEqualityTest::testNonRepeatedScalar PASSED
packages/google/protobuf/internal/reflection_test.py::FullProtosEqualityTest::testNonRepeatedScalarHasBits PASSED
packages/google/protobuf/internal/reflection_test.py::FullProtosEqualityTest::testNoneNotEqual PASSED
packages/google/protobuf/internal/reflection_test.py::FullProtosEqualityTest::testNotEqualToOtherMessage PASSED
packages/google/protobuf/internal/reflection_test.py::FullProtosEqualityTest::testNotHashable PASSED
packages/google/protobuf/internal/reflection_test.py::FullProtosEqualityTest::testRepeatedComposite PASSED
packages/google/protobuf/internal/reflection_test.py::FullProtosEqualityTest::testRepeatedScalar PASSED
packages/google/protobuf/internal/reflection_test.py::ExtensionEqualityTest::testExtensionEquality PASSED
packages/google/protobuf/internal/reflection_test.py::MutualRecursionEqualityTest::testEqualityWithMutualRecursion PASSED
packages/google/protobuf/internal/reflection_test.py::ByteSizeTest::testCacheInvalidationForNonrepeatedMessage PASSED
packages/google/protobuf/internal/reflection_test.py::ByteSizeTest::testCacheInvalidationForNonrepeatedScalar PASSED
packages/google/protobuf/internal/reflection_test.py::ByteSizeTest::testCacheInvalidationForRepeatedMessage PASSED
packages/google/protobuf/internal/reflection_test.py::ByteSizeTest::testCacheInvalidationForRepeatedScalar PASSED
packages/google/protobuf/internal/reflection_test.py::ByteSizeTest::testComposites PASSED
packages/google/protobuf/internal/reflection_test.py::ByteSizeTest::testEmptyMessage PASSED
packages/google/protobuf/internal/reflection_test.py::ByteSizeTest::testExtensions PASSED
packages/google/protobuf/internal/reflection_test.py::ByteSizeTest::testGroups PASSED
packages/google/protobuf/internal/reflection_test.py::ByteSizeTest::testOtherNumerics PASSED
packages/google/protobuf/internal/reflection_test.py::ByteSizeTest::testPackedExtensions PASSED
packages/google/protobuf/internal/reflection_test.py::ByteSizeTest::testPackedRepeatedScalars PASSED
packages/google/protobuf/internal/reflection_test.py::ByteSizeTest::testRepeatedComposites PASSED
packages/google/protobuf/internal/reflection_test.py::ByteSizeTest::testRepeatedCompositesDelete PASSED
packages/google/protobuf/internal/reflection_test.py::ByteSizeTest::testRepeatedGroups PASSED
packages/google/protobuf/internal/reflection_test.py::ByteSizeTest::testRepeatedScalars PASSED
packages/google/protobuf/internal/reflection_test.py::ByteSizeTest::testRepeatedScalarsExtend PASSED
packages/google/protobuf/internal/reflection_test.py::ByteSizeTest::testRepeatedScalarsRemove PASSED
packages/google/protobuf/internal/reflection_test.py::ByteSizeTest::testSizedOnKwargs PASSED
packages/google/protobuf/internal/reflection_test.py::ByteSizeTest::testStrings PASSED
packages/google/protobuf/internal/reflection_test.py::ByteSizeTest::testVarints PASSED
packages/google/protobuf/internal/reflection_test.py::SerializationTest::testCanonicalSerializationOrder PASSED
packages/google/protobuf/internal/reflection_test.py::SerializationTest::testCanonicalSerializationOrderSameAsCpp PASSED
packages/google/protobuf/internal/reflection_test.py::SerializationTest::testExtensionFieldNumbers PASSED
packages/google/protobuf/internal/reflection_test.py::SerializationTest::testFieldNumbers PASSED
packages/google/protobuf/internal/reflection_test.py::SerializationTest::testInitArgsUnknownFieldName PASSED
packages/google/protobuf/internal/reflection_test.py::SerializationTest::testInitKwargs PASSED
packages/google/protobuf/internal/reflection_test.py::SerializationTest::testInitRepeatedKwargs PASSED
packages/google/protobuf/internal/reflection_test.py::SerializationTest::testInitRequiredForeignKwargs PASSED
packages/google/protobuf/internal/reflection_test.py::SerializationTest::testInitRequiredKwargs PASSED
packages/google/protobuf/internal/reflection_test.py::SerializationTest::testMergeFromStringWhenFieldsAlreadySet PASSED
packages/google/protobuf/internal/reflection_test.py::SerializationTest::testMergePackedFromStringWhenSomeFieldsAlreadySet PASSED
packages/google/protobuf/internal/reflection_test.py::SerializationTest::testMessageSetWireFormat PASSED
packages/google/protobuf/internal/reflection_test.py::SerializationTest::testMessageSetWireFormatUnknownExtension PASSED
packages/google/protobuf/internal/reflection_test.py::SerializationTest::testPackedFieldsWireFormat PASSED
packages/google/protobuf/internal/reflection_test.py::SerializationTest::testParsePackedFromUnpacked PASSED
packages/google/protobuf/internal/reflection_test.py::SerializationTest::testParseTruncated PASSED
packages/google/protobuf/internal/reflection_test.py::SerializationTest::testParseUnpackedFromPacked PASSED
packages/google/protobuf/internal/reflection_test.py::SerializationTest::testSerializeAllExtensions PASSED
packages/google/protobuf/internal/reflection_test.py::SerializationTest::testSerializeAllFields PASSED
packages/google/protobuf/internal/reflection_test.py::SerializationTest::testSerializeAllPackedExtensions PASSED
packages/google/protobuf/internal/reflection_test.py::SerializationTest::testSerializeAllPackedFields PASSED
packages/google/protobuf/internal/reflection_test.py::SerializationTest::testSerializeEmtpyMessage PASSED
packages/google/protobuf/internal/reflection_test.py::SerializationTest::testSerializeNegativeValues PASSED
packages/google/protobuf/internal/reflection_test.py::SerializationTest::testSerializeUninitialized PASSED
packages/google/protobuf/internal/reflection_test.py::SerializationTest::testSerializeUninitializedSubMessage PASSED
packages/google/protobuf/internal/reflection_test.py::SerializationTest::testSerializeWithOptionalGroup PASSED
packages/google/protobuf/internal/reflection_test.py::SerializationTest::testUnknownFields PASSED
packages/google/protobuf/internal/reflection_test.py::OptionsTest::testMessageOptions PASSED
packages/google/protobuf/internal/reflection_test.py::OptionsTest::testPackedOptions PASSED
packages/google/protobuf/internal/reflection_test.py::ClassAPITest::testMakeClassWithNestedDescriptor SKIPPED
packages/google/protobuf/internal/reflection_test.py::ClassAPITest::testParsingFlatClass PASSED
packages/google/protobuf/internal/reflection_test.py::ClassAPITest::testParsingFlatClassWithExplicitClassDeclaration PASSED
packages/google/protobuf/internal/reflection_test.py::ClassAPITest::testParsingNestedClass PASSED
packages/google/protobuf/internal/service_reflection_test.py::FooUnitTest::testService PASSED
packages/google/protobuf/internal/service_reflection_test.py::FooUnitTest::testServiceStub PASSED
packages/google/protobuf/internal/symbol_database_test.py::SymbolDatabaseTest::testEnums PASSED
packages/google/protobuf/internal/symbol_database_test.py::SymbolDatabaseTest::testFindFileByName PASSED
packages/google/protobuf/internal/symbol_database_test.py::SymbolDatabaseTest::testFindFileContainingSymbol PASSED
packages/google/protobuf/internal/symbol_database_test.py::SymbolDatabaseTest::testFindMessageTypeByName PASSED
packages/google/protobuf/internal/symbol_database_test.py::SymbolDatabaseTest::testFindServiceByName PASSED
packages/google/protobuf/internal/symbol_database_test.py::SymbolDatabaseTest::testGetMessages PASSED
packages/google/protobuf/internal/symbol_database_test.py::SymbolDatabaseTest::testGetPrototype PASSED
packages/google/protobuf/internal/symbol_database_test.py::SymbolDatabaseTest::testGetSymbol PASSED
packages/google/protobuf/internal/text_encoding_test.py::TextEncodingTestCase::testCEscape PASSED
packages/google/protobuf/internal/text_encoding_test.py::TextEncodingTestCase::testCUnescape PASSED
packages/google/protobuf/internal/text_format_test.py::SimpleTextFormatTests::testQuoteMarksAreSingleChars PASSED
packages/google/protobuf/internal/text_format_test.py::TextFormatTest::testMergeDuplicateNestedMessageScalarseb88b49697c411e7b7ce00163e5e6c120 PASSED
packages/google/protobuf/internal/text_format_test.py::TextFormatTest::testMergeDuplicateNestedMessageScalarseb88b49697c411e7b7ce00163e5e6c121 PASSED
packages/google/protobuf/internal/text_format_test.py::TextFormatTest::testMergeDuplicateScalarseb88b49697c411e7b7ce00163e5e6c120 PASSED
packages/google/protobuf/internal/text_format_test.py::TextFormatTest::testMergeDuplicateScalarseb88b49697c411e7b7ce00163e5e6c121 PASSED
packages/google/protobuf/internal/text_format_test.py::TextFormatTest::testMergeMultipleOneofeb88b49697c411e7b7ce00163e5e6c120 PASSED
packages/google/protobuf/internal/text_format_test.py::TextFormatTest::testMergeMultipleOneofeb88b49697c411e7b7ce00163e5e6c121 PASSED
packages/google/protobuf/internal/text_format_test.py::TextFormatTest::testMessageToStringeb88b49697c411e7b7ce00163e5e6c120 PASSED
packages/google/protobuf/internal/text_format_test.py::TextFormatTest::testMessageToStringeb88b49697c411e7b7ce00163e5e6c121 PASSED
packages/google/protobuf/internal/text_format_test.py::TextFormatTest::testParseAllFieldseb88b49697c411e7b7ce00163e5e6c120 PASSED
packages/google/protobuf/internal/text_format_test.py::TextFormatTest::testParseAllFieldseb88b49697c411e7b7ce00163e5e6c121 PASSED
packages/google/protobuf/internal/text_format_test.py::TextFormatTest::testParseBadEnumValueeb88b49697c411e7b7ce00163e5e6c120 PASSED
packages/google/protobuf/internal/text_format_test.py::TextFormatTest::testParseBadEnumValueeb88b49697c411e7b7ce00163e5e6c121 PASSED
packages/google/protobuf/internal/text_format_test.py::TextFormatTest::testParseBadIntValueeb88b49697c411e7b7ce00163e5e6c120 PASSED
packages/google/protobuf/internal/text_format_test.py::TextFormatTest::testParseBadIntValueeb88b49697c411e7b7ce00163e5e6c121 PASSED
packages/google/protobuf/internal/text_format_test.py::TextFormatTest::testParseEmptyTexteb88b49697c411e7b7ce00163e5e6c120 PASSED
packages/google/protobuf/internal/text_format_test.py::TextFormatTest::testParseEmptyTexteb88b49697c411e7b7ce00163e5e6c121 PASSED
packages/google/protobuf/internal/text_format_test.py::TextFormatTest::testParseExoticeb88b49697c411e7b7ce00163e5e6c120 PASSED
packages/google/protobuf/internal/text_format_test.py::TextFormatTest::testParseExoticeb88b49697c411e7b7ce00163e5e6c121 PASSED
packages/google/protobuf/internal/text_format_test.py::TextFormatTest::testParseInvalidUtf8eb88b49697c411e7b7ce00163e5e6c120 PASSED
packages/google/protobuf/internal/text_format_test.py::TextFormatTest::testParseInvalidUtf8eb88b49697c411e7b7ce00163e5e6c121 PASSED
packages/google/protobuf/internal/text_format_test.py::TextFormatTest::testParseMultipleOneofeb88b49697c411e7b7ce00163e5e6c120 PASSED
packages/google/protobuf/internal/text_format_test.py::TextFormatTest::testParseMultipleOneofeb88b49697c411e7b7ce00163e5e6c121 PASSED
packages/google/protobuf/internal/text_format_test.py::TextFormatTest::testParseOneofeb88b49697c411e7b7ce00163e5e6c120 PASSED
packages/google/protobuf/internal/text_format_test.py::TextFormatTest::testParseOneofeb88b49697c411e7b7ce00163e5e6c121 PASSED
packages/google/protobuf/internal/text_format_test.py::TextFormatTest::testParseRepeatedMessageShortFormateb88b49697c411e7b7ce00163e5e6c120 PASSED
packages/google/protobuf/internal/text_format_test.py::TextFormatTest::testParseRepeatedMessageShortFormateb88b49697c411e7b7ce00163e5e6c121 PASSED
packages/google/protobuf/internal/text_format_test.py::TextFormatTest::testParseRepeatedScalarShortFormateb88b49697c411e7b7ce00163e5e6c120 PASSED
packages/google/protobuf/internal/text_format_test.py::TextFormatTest::testParseRepeatedScalarShortFormateb88b49697c411e7b7ce00163e5e6c121 PASSED
packages/google/protobuf/internal/text_format_test.py::TextFormatTest::testParseSingleWordeb88b49697c411e7b7ce00163e5e6c120 PASSED
packages/google/protobuf/internal/text_format_test.py::TextFormatTest::testParseSingleWordeb88b49697c411e7b7ce00163e5e6c121 PASSED
packages/google/protobuf/internal/text_format_test.py::TextFormatTest::testParseStringFieldUnescapeeb88b49697c411e7b7ce00163e5e6c120 PASSED
packages/google/protobuf/internal/text_format_test.py::TextFormatTest::testParseStringFieldUnescapeeb88b49697c411e7b7ce00163e5e6c121 PASSED
packages/google/protobuf/internal/text_format_test.py::TextFormatTest::testParseTrailingCommaseb88b49697c411e7b7ce00163e5e6c120 PASSED
packages/google/protobuf/internal/text_format_test.py::TextFormatTest::testParseTrailingCommaseb88b49697c411e7b7ce00163e5e6c121 PASSED
packages/google/protobuf/internal/text_format_test.py::TextFormatTest::testParseUnknownFieldeb88b49697c411e7b7ce00163e5e6c120 PASSED
packages/google/protobuf/internal/text_format_test.py::TextFormatTest::testParseUnknownFieldeb88b49697c411e7b7ce00163e5e6c121 PASSED
packages/google/protobuf/internal/text_format_test.py::TextFormatTest::testPrintExoticAsOneLineeb88b49697c411e7b7ce00163e5e6c120 PASSED
packages/google/protobuf/internal/text_format_test.py::TextFormatTest::testPrintExoticAsOneLineeb88b49697c411e7b7ce00163e5e6c121 PASSED
packages/google/protobuf/internal/text_format_test.py::TextFormatTest::testPrintExoticUnicodeSubclasseb88b49697c411e7b7ce00163e5e6c120 PASSED
packages/google/protobuf/internal/text_format_test.py::TextFormatTest::testPrintExoticUnicodeSubclasseb88b49697c411e7b7ce00163e5e6c121 PASSED
packages/google/protobuf/internal/text_format_test.py::TextFormatTest::testPrintExoticeb88b49697c411e7b7ce00163e5e6c120 PASSED
packages/google/protobuf/internal/text_format_test.py::TextFormatTest::testPrintExoticeb88b49697c411e7b7ce00163e5e6c121 PASSED
packages/google/protobuf/internal/text_format_test.py::TextFormatTest::testPrintFieldValueeb88b49697c411e7b7ce00163e5e6c120 PASSED
packages/google/protobuf/internal/text_format_test.py::TextFormatTest::testPrintFieldValueeb88b49697c411e7b7ce00163e5e6c121 PASSED
packages/google/protobuf/internal/text_format_test.py::TextFormatTest::testPrintFieldeb88b49697c411e7b7ce00163e5e6c120 PASSED
packages/google/protobuf/internal/text_format_test.py::TextFormatTest::testPrintFieldeb88b49697c411e7b7ce00163e5e6c121 PASSED
packages/google/protobuf/internal/text_format_test.py::TextFormatTest::testPrintFloatFormateb88b49697c411e7b7ce00163e5e6c120 PASSED
packages/google/protobuf/internal/text_format_test.py::TextFormatTest::testPrintFloatFormateb88b49697c411e7b7ce00163e5e6c121 PASSED
packages/google/protobuf/internal/text_format_test.py::TextFormatTest::testPrintNestedMessageAsOneLineeb88b49697c411e7b7ce00163e5e6c120 PASSED
packages/google/protobuf/internal/text_format_test.py::TextFormatTest::testPrintNestedMessageAsOneLineeb88b49697c411e7b7ce00163e5e6c121 PASSED
packages/google/protobuf/internal/text_format_test.py::TextFormatTest::testPrintNestedNewLineInStringAsOneLineeb88b49697c411e7b7ce00163e5e6c120 PASSED
packages/google/protobuf/internal/text_format_test.py::TextFormatTest::testPrintNestedNewLineInStringAsOneLineeb88b49697c411e7b7ce00163e5e6c121 PASSED
packages/google/protobuf/internal/text_format_test.py::TextFormatTest::testPrintRawUtf8Stringeb88b49697c411e7b7ce00163e5e6c120 PASSED
packages/google/protobuf/internal/text_format_test.py::TextFormatTest::testPrintRawUtf8Stringeb88b49697c411e7b7ce00163e5e6c121 PASSED
packages/google/protobuf/internal/text_format_test.py::TextFormatTest::testPrintRepeatedFieldsAsOneLineeb88b49697c411e7b7ce00163e5e6c120 PASSED
packages/google/protobuf/internal/text_format_test.py::TextFormatTest::testPrintRepeatedFieldsAsOneLineeb88b49697c411e7b7ce00163e5e6c121 PASSED
packages/google/protobuf/internal/text_format_test.py::TextFormatTest::testRoundTripExoticAsOneLineeb88b49697c411e7b7ce00163e5e6c120 PASSED
packages/google/protobuf/internal/text_format_test.py::TextFormatTest::testRoundTripExoticAsOneLineeb88b49697c411e7b7ce00163e5e6c121 PASSED
packages/google/protobuf/internal/text_format_test.py::OnlyWorksWithProto2RightNowTests::testMapOrderEnforcement PASSED
packages/google/protobuf/internal/text_format_test.py::OnlyWorksWithProto2RightNowTests::testMergeLinesGolden FAILED
packages/google/protobuf/internal/text_format_test.py::OnlyWorksWithProto2RightNowTests::testParseGolden FAILED
packages/google/protobuf/internal/text_format_test.py::OnlyWorksWithProto2RightNowTests::testParseLinesGolden FAILED
packages/google/protobuf/internal/text_format_test.py::OnlyWorksWithProto2RightNowTests::testPrintAllFields FAILED
packages/google/protobuf/internal/text_format_test.py::OnlyWorksWithProto2RightNowTests::testPrintAllFieldsPointy FAILED
packages/google/protobuf/internal/text_format_test.py::OnlyWorksWithProto2RightNowTests::testPrintInIndexOrder PASSED
packages/google/protobuf/internal/text_format_test.py::OnlyWorksWithProto2RightNowTests::testPrintMap PASSED
packages/google/protobuf/internal/text_format_test.py::Proto2Tests::testExtensionInsideAnyMessage PASSED
packages/google/protobuf/internal/text_format_test.py::Proto2Tests::testMergeDuplicateExtensionScalars PASSED
packages/google/protobuf/internal/text_format_test.py::Proto2Tests::testParseAllExtensions PASSED
packages/google/protobuf/internal/text_format_test.py::Proto2Tests::testParseAllowedUnknownExtension PASSED
packages/google/protobuf/internal/text_format_test.py::Proto2Tests::testParseBadExtension PASSED
packages/google/protobuf/internal/text_format_test.py::Proto2Tests::testParseDuplicateExtensionScalars PASSED
packages/google/protobuf/internal/text_format_test.py::Proto2Tests::testParseDuplicateNestedMessageScalars PASSED
packages/google/protobuf/internal/text_format_test.py::Proto2Tests::testParseDuplicateScalars PASSED
packages/google/protobuf/internal/text_format_test.py::Proto2Tests::testParseEmptyGroup PASSED
packages/google/protobuf/internal/text_format_test.py::Proto2Tests::testParseGoldenExtensions FAILED
packages/google/protobuf/internal/text_format_test.py::Proto2Tests::testParseGroupNotClosed PASSED
packages/google/protobuf/internal/text_format_test.py::Proto2Tests::testParseMap PASSED
packages/google/protobuf/internal/text_format_test.py::Proto2Tests::testParseMessageByFieldNumber PASSED
packages/google/protobuf/internal/text_format_test.py::Proto2Tests::testParseMessageSet PASSED
packages/google/protobuf/internal/text_format_test.py::Proto2Tests::testPrintAllExtensions FAILED
packages/google/protobuf/internal/text_format_test.py::Proto2Tests::testPrintAllExtensionsPointy FAILED
packages/google/protobuf/internal/text_format_test.py::Proto2Tests::testPrintMessageSet PASSED
packages/google/protobuf/internal/text_format_test.py::Proto2Tests::testPrintMessageSetAsOneLine PASSED
packages/google/protobuf/internal/text_format_test.py::Proto2Tests::testPrintMessageSetByFieldNumber PASSED
packages/google/protobuf/internal/text_format_test.py::Proto3Tests::testMergeAlternativeUrl PASSED
packages/google/protobuf/internal/text_format_test.py::Proto3Tests::testMergeExpandedAny PASSED
packages/google/protobuf/internal/text_format_test.py::Proto3Tests::testMergeExpandedAnyDescriptorPoolMissingType PASSED
packages/google/protobuf/internal/text_format_test.py::Proto3Tests::testMergeExpandedAnyPointyBrackets PASSED
packages/google/protobuf/internal/text_format_test.py::Proto3Tests::testMergeExpandedAnyRepeated PASSED
packages/google/protobuf/internal/text_format_test.py::Proto3Tests::testMergeUnexpandedAny PASSED
packages/google/protobuf/internal/text_format_test.py::Proto3Tests::testPrintMessageExpandAny PASSED
packages/google/protobuf/internal/text_format_test.py::Proto3Tests::testPrintMessageExpandAnyAsOneLine PASSED
packages/google/protobuf/internal/text_format_test.py::Proto3Tests::testPrintMessageExpandAnyAsOneLinePointyBrackets PASSED
packages/google/protobuf/internal/text_format_test.py::Proto3Tests::testPrintMessageExpandAnyDescriptorPoolMissingType PASSED
packages/google/protobuf/internal/text_format_test.py::Proto3Tests::testPrintMessageExpandAnyPointyBrackets PASSED
packages/google/protobuf/internal/text_format_test.py::Proto3Tests::testPrintMessageExpandAnyRepeated PASSED
packages/google/protobuf/internal/text_format_test.py::TokenizerTest::testConsumeAbstractIntegers PASSED
packages/google/protobuf/internal/text_format_test.py::TokenizerTest::testConsumeAndCheckTrailingComment PASSED
packages/google/protobuf/internal/text_format_test.py::TokenizerTest::testConsumeBool PASSED
packages/google/protobuf/internal/text_format_test.py::TokenizerTest::testConsumeByteString PASSED
packages/google/protobuf/internal/text_format_test.py::TokenizerTest::testConsumeComment PASSED
packages/google/protobuf/internal/text_format_test.py::TokenizerTest::testConsumeIntegers PASSED
packages/google/protobuf/internal/text_format_test.py::TokenizerTest::testConsumeLineComment PASSED
packages/google/protobuf/internal/text_format_test.py::TokenizerTest::testConsumeTrailingComment PASSED
packages/google/protobuf/internal/text_format_test.py::TokenizerTest::testConsumeTwoComments PASSED
packages/google/protobuf/internal/text_format_test.py::TokenizerTest::testConsumeTwoLineComments PASSED
packages/google/protobuf/internal/text_format_test.py::TokenizerTest::testHashinComment PASSED
packages/google/protobuf/internal/text_format_test.py::TokenizerTest::testSimpleTokenCases PASSED
packages/google/protobuf/internal/text_format_test.py::TokenizerTest::testSkipComment PASSED
packages/google/protobuf/internal/text_format_test.py::PrettyPrinterTest::testPrettyPrintEntireMessageeb88b49697c411e7b7ce00163e5e6c120 PASSED
packages/google/protobuf/internal/text_format_test.py::PrettyPrinterTest::testPrettyPrintEntireMessageeb88b49697c411e7b7ce00163e5e6c121 PASSED
packages/google/protobuf/internal/text_format_test.py::PrettyPrinterTest::testPrettyPrintMultiLineeb88b49697c411e7b7ce00163e5e6c120 PASSED
packages/google/protobuf/internal/text_format_test.py::PrettyPrinterTest::testPrettyPrintMultiLineeb88b49697c411e7b7ce00163e5e6c121 PASSED
packages/google/protobuf/internal/text_format_test.py::PrettyPrinterTest::testPrettyPrintMultiplePartseb88b49697c411e7b7ce00163e5e6c120 PASSED
packages/google/protobuf/internal/text_format_test.py::PrettyPrinterTest::testPrettyPrintMultiplePartseb88b49697c411e7b7ce00163e5e6c121 PASSED
packages/google/protobuf/internal/text_format_test.py::PrettyPrinterTest::testPrettyPrintNoMatcheb88b49697c411e7b7ce00163e5e6c120 PASSED
packages/google/protobuf/internal/text_format_test.py::PrettyPrinterTest::testPrettyPrintNoMatcheb88b49697c411e7b7ce00163e5e6c121 PASSED
packages/google/protobuf/internal/text_format_test.py::PrettyPrinterTest::testPrettyPrintOneLineeb88b49697c411e7b7ce00163e5e6c120 PASSED
packages/google/protobuf/internal/text_format_test.py::PrettyPrinterTest::testPrettyPrintOneLineeb88b49697c411e7b7ce00163e5e6c121 PASSED
packages/google/protobuf/internal/unknown_fields_test.py::UnknownFieldsTest::testByteSize PASSED
packages/google/protobuf/internal/unknown_fields_test.py::UnknownFieldsTest::testDiscardUnknownFields PASSED
packages/google/protobuf/internal/unknown_fields_test.py::UnknownFieldsTest::testEquals PASSED
packages/google/protobuf/internal/unknown_fields_test.py::UnknownFieldsTest::testListFields PASSED
packages/google/protobuf/internal/unknown_fields_test.py::UnknownFieldsTest::testSerialize PASSED
packages/google/protobuf/internal/unknown_fields_test.py::UnknownFieldsTest::testSerializeMessageSetWireFormatUnknownExtension PASSED
packages/google/protobuf/internal/unknown_fields_test.py::UnknownFieldsTest::testSerializeProto3 PASSED
packages/google/protobuf/internal/unknown_fields_test.py::UnknownFieldsAccessorsTest::testClear PASSED
packages/google/protobuf/internal/unknown_fields_test.py::UnknownFieldsAccessorsTest::testCopyFrom PASSED
packages/google/protobuf/internal/unknown_fields_test.py::UnknownFieldsAccessorsTest::testEnum SKIPPED
packages/google/protobuf/internal/unknown_fields_test.py::UnknownFieldsAccessorsTest::testFixed32 SKIPPED
packages/google/protobuf/internal/unknown_fields_test.py::UnknownFieldsAccessorsTest::testFixed64 SKIPPED
packages/google/protobuf/internal/unknown_fields_test.py::UnknownFieldsAccessorsTest::testGroup SKIPPED
packages/google/protobuf/internal/unknown_fields_test.py::UnknownFieldsAccessorsTest::testLengthDelimited SKIPPED
packages/google/protobuf/internal/unknown_fields_test.py::UnknownFieldsAccessorsTest::testMergeFrom PASSED
packages/google/protobuf/internal/unknown_fields_test.py::UnknownFieldsAccessorsTest::testRepeatedEnum SKIPPED
packages/google/protobuf/internal/unknown_fields_test.py::UnknownFieldsAccessorsTest::testUnknownExtensions PASSED
packages/google/protobuf/internal/unknown_fields_test.py::UnknownFieldsAccessorsTest::testVarint SKIPPED
packages/google/protobuf/internal/unknown_fields_test.py::UnknownEnumValuesTest::testRoundTrip PASSED
packages/google/protobuf/internal/unknown_fields_test.py::UnknownEnumValuesTest::testUnknownEnumValue PASSED
packages/google/protobuf/internal/unknown_fields_test.py::UnknownEnumValuesTest::testUnknownPackedEnumValue PASSED
packages/google/protobuf/internal/unknown_fields_test.py::UnknownEnumValuesTest::testUnknownParseMismatchEnumValue PASSED
packages/google/protobuf/internal/unknown_fields_test.py::UnknownEnumValuesTest::testUnknownRepeatedEnumValue PASSED
packages/google/protobuf/internal/well_known_types_test.py::TimeUtilTest::testDatetimeConverison PASSED
packages/google/protobuf/internal/well_known_types_test.py::TimeUtilTest::testDurationIntegerConversion PASSED
packages/google/protobuf/internal/well_known_types_test.py::TimeUtilTest::testDurationSerializeAndParse PASSED
packages/google/protobuf/internal/well_known_types_test.py::TimeUtilTest::testInvalidDuration PASSED
packages/google/protobuf/internal/well_known_types_test.py::TimeUtilTest::testInvalidTimestamp PASSED
packages/google/protobuf/internal/well_known_types_test.py::TimeUtilTest::testTimedeltaConversion PASSED
packages/google/protobuf/internal/well_known_types_test.py::TimeUtilTest::testTimestampIntegerConversion PASSED
packages/google/protobuf/internal/well_known_types_test.py::TimeUtilTest::testTimestampSerializeAndParse PASSED
packages/google/protobuf/internal/well_known_types_test.py::FieldMaskTest::testCamelCaseToSnakeCase PASSED
packages/google/protobuf/internal/well_known_types_test.py::FieldMaskTest::testCanonicalFrom PASSED
packages/google/protobuf/internal/well_known_types_test.py::FieldMaskTest::testDescriptorToFieldMask PASSED
packages/google/protobuf/internal/well_known_types_test.py::FieldMaskTest::testIntersect PASSED
packages/google/protobuf/internal/well_known_types_test.py::FieldMaskTest::testMergeMessage PASSED
packages/google/protobuf/internal/well_known_types_test.py::FieldMaskTest::testSnakeCaseToCamelCase PASSED
packages/google/protobuf/internal/well_known_types_test.py::FieldMaskTest::testStringFormat PASSED
packages/google/protobuf/internal/well_known_types_test.py::FieldMaskTest::testUnion PASSED
packages/google/protobuf/internal/well_known_types_test.py::StructTest::testStruct PASSED
packages/google/protobuf/internal/well_known_types_test.py::AnyTest::testAnyMessage PASSED
packages/google/protobuf/internal/well_known_types_test.py::AnyTest::testMessageName PASSED
packages/google/protobuf/internal/well_known_types_test.py::AnyTest::testPackWithCustomTypeUrl PASSED
packages/google/protobuf/internal/wire_format_test.py::WireFormatTest::testByteSizeFunctions PASSED
packages/google/protobuf/internal/wire_format_test.py::WireFormatTest::testPackTag PASSED
packages/google/protobuf/internal/wire_format_test.py::WireFormatTest::testUnpackTag PASSED
packages/google/protobuf/internal/wire_format_test.py::WireFormatTest::testZigZagDecode PASSED
packages/google/protobuf/internal/wire_format_test.py::WireFormatTest::testZigZagEncode PASSED
packages/qrcode/tests/test_example.py::ExampleTest::runTest FAILED
packages/qrcode/tests/test_qrcode.py::QRCodeTests::test_add_qrdata PASSED
packages/qrcode/tests/test_qrcode.py::QRCodeTests::test_basic PASSED
packages/qrcode/tests/test_qrcode.py::QRCodeTests::test_fit PASSED
packages/qrcode/tests/test_qrcode.py::QRCodeTests::test_get_matrix PASSED
packages/qrcode/tests/test_qrcode.py::QRCodeTests::test_get_matrix_border PASSED
packages/qrcode/tests/test_qrcode.py::QRCodeTests::test_invalid_version PASSED
packages/qrcode/tests/test_qrcode.py::QRCodeTests::test_large PASSED
packages/qrcode/tests/test_qrcode.py::QRCodeTests::test_mode_8bit PASSED
packages/qrcode/tests/test_qrcode.py::QRCodeTests::test_mode_8bit_newline PASSED
packages/qrcode/tests/test_qrcode.py::QRCodeTests::test_mode_alpha PASSED
packages/qrcode/tests/test_qrcode.py::QRCodeTests::test_mode_number PASSED
packages/qrcode/tests/test_qrcode.py::QRCodeTests::test_negative_size_at_construction PASSED
packages/qrcode/tests/test_qrcode.py::QRCodeTests::test_negative_size_at_usage PASSED
packages/qrcode/tests/test_qrcode.py::QRCodeTests::test_optimize PASSED
packages/qrcode/tests/test_qrcode.py::QRCodeTests::test_optimize_size PASSED
packages/qrcode/tests/test_qrcode.py::QRCodeTests::test_overflow PASSED
packages/qrcode/tests/test_qrcode.py::QRCodeTests::test_print_ascii PASSED
packages/qrcode/tests/test_qrcode.py::QRCodeTests::test_print_ascii_stdout PASSED
packages/qrcode/tests/test_qrcode.py::QRCodeTests::test_print_tty PASSED
packages/qrcode/tests/test_qrcode.py::QRCodeTests::test_print_tty_stdout PASSED
packages/qrcode/tests/test_qrcode.py::QRCodeTests::test_qrcode_bad_factory PASSED
packages/qrcode/tests/test_qrcode.py::QRCodeTests::test_qrcode_factory PASSED
packages/qrcode/tests/test_qrcode.py::QRCodeTests::test_qrdata_repr PASSED
packages/qrcode/tests/test_qrcode.py::QRCodeTests::test_regression_mode_comma PASSED
packages/qrcode/tests/test_qrcode.py::QRCodeTests::test_render_pil FAILED
packages/qrcode/tests/test_qrcode.py::QRCodeTests::test_render_pymaging_png SKIPPED
packages/qrcode/tests/test_qrcode.py::QRCodeTests::test_render_pymaging_png_bad_kind SKIPPED
packages/qrcode/tests/test_qrcode.py::QRCodeTests::test_render_svg PASSED
packages/qrcode/tests/test_qrcode.py::QRCodeTests::test_render_svg_fragment PASSED
packages/qrcode/tests/test_qrcode.py::QRCodeTests::test_render_svg_path PASSED
packages/qrcode/tests/test_qrcode.py::QRCodeTests::test_render_svg_with_background PASSED
packages/qrcode/tests/test_qrcode.py::ShortcutTest::runTest FAILED
packages/qrcode/tests/test_script.py::ScriptTest::test_bad_factory PASSED
packages/qrcode/tests/test_script.py::ScriptTest::test_factory PASSED
packages/qrcode/tests/test_script.py::ScriptTest::test_isatty PASSED
packages/qrcode/tests/test_script.py::ScriptTest::test_optimize PASSED
packages/qrcode/tests/test_script.py::ScriptTest::test_piped FAILED
packages/qrcode/tests/test_script.py::ScriptTest::test_stdin PASSED
packages/qrcode/tests/test_script.py::ScriptTest::test_stdin_py3_unicodedecodeerror PASSED

=================================== FAILURES ===================================
_____________________ MessageTest.testGoldenMessage_proto2 _____________________

self = <protobuf.internal.message_test.MessageTest testMethod=testGoldenMessage_proto2>
message_module = <module 'google.protobuf.unittest_pb2' from '/home/user/Projects/electrum/.tox/py34/lib/python3.4/site-packages/google/protobuf/unittest_pb2.py'>

    def testGoldenMessage(self, message_module):
      # Proto3 doesn't have the "default_foo" members or foreign enums,
      # and doesn't preserve unknown fields, so for proto3 we use a golden
      # message that doesn't have these fields set.
      if message_module is unittest_pb2:
        golden_data = test_util.GoldenFileData(
>           'golden_message_oneof_implemented')

packages/google/protobuf/internal/message_test.py:116: 
_ _ _ _ _ _ _ _ _ _ _ _ _ _ _ _ _ _ _ _ _ _ _ _ _ _ _ _ _ _ _ _ _ _ _ _ _ _ _ _ 
.tox/py34/lib/python3.4/site-packages/google/protobuf/internal/test_util.py:624: in GoldenFileData
    with GoldenFile(filename) as f:
_ _ _ _ _ _ _ _ _ _ _ _ _ _ _ _ _ _ _ _ _ _ _ _ _ _ _ _ _ _ _ _ _ _ _ _ _ _ _ _ 

filename = 'golden_message_oneof_implemented'

    def GoldenFile(filename):
      """Finds the given golden file and returns a file object representing it."""
    
      # Search up the directory tree looking for the C++ protobuf source code.
      path = '.'
      while os.path.exists(path):
        if os.path.exists(os.path.join(path, 'src/google/protobuf')):
          # Found it.  Load the golden file from the testdata directory.
          full_path = os.path.join(path, 'src/google/protobuf/testdata', filename)
          return open(full_path, 'rb')
        path = os.path.join(path, '..')
    
      # Search internally.
      path = '.'
      full_path = os.path.join(path, 'third_party/py/google/protobuf/testdata',
                               filename)
      if os.path.exists(full_path):
        # Found it.  Load the golden file from the testdata directory.
        return open(full_path, 'rb')
    
      raise RuntimeError(
>         'Could not find golden files.  This test must be run from within the '
          'protobuf source package so that it can read test data files from the '
          'C++ source tree.')
E     RuntimeError: Could not find golden files.  This test must be run from within the protobuf source package so that it can read test data files from the C++ source tree.

.tox/py34/lib/python3.4/site-packages/google/protobuf/internal/test_util.py:617: RuntimeError
_____________________ MessageTest.testGoldenMessage_proto3 _____________________

self = <protobuf.internal.message_test.MessageTest testMethod=testGoldenMessage_proto3>
message_module = <module 'google.protobuf.unittest_proto3_arena_pb2' from '/home/user/Projects/electrum/.tox/py34/lib/python3.4/site-packages/google/protobuf/unittest_proto3_arena_pb2.py'>

    def testGoldenMessage(self, message_module):
      # Proto3 doesn't have the "default_foo" members or foreign enums,
      # and doesn't preserve unknown fields, so for proto3 we use a golden
      # message that doesn't have these fields set.
      if message_module is unittest_pb2:
        golden_data = test_util.GoldenFileData(
            'golden_message_oneof_implemented')
      else:
>       golden_data = test_util.GoldenFileData('golden_message_proto3')

packages/google/protobuf/internal/message_test.py:118: 
_ _ _ _ _ _ _ _ _ _ _ _ _ _ _ _ _ _ _ _ _ _ _ _ _ _ _ _ _ _ _ _ _ _ _ _ _ _ _ _ 
.tox/py34/lib/python3.4/site-packages/google/protobuf/internal/test_util.py:624: in GoldenFileData
    with GoldenFile(filename) as f:
_ _ _ _ _ _ _ _ _ _ _ _ _ _ _ _ _ _ _ _ _ _ _ _ _ _ _ _ _ _ _ _ _ _ _ _ _ _ _ _ 

filename = 'golden_message_proto3'

    def GoldenFile(filename):
      """Finds the given golden file and returns a file object representing it."""
    
      # Search up the directory tree looking for the C++ protobuf source code.
      path = '.'
      while os.path.exists(path):
        if os.path.exists(os.path.join(path, 'src/google/protobuf')):
          # Found it.  Load the golden file from the testdata directory.
          full_path = os.path.join(path, 'src/google/protobuf/testdata', filename)
          return open(full_path, 'rb')
        path = os.path.join(path, '..')
    
      # Search internally.
      path = '.'
      full_path = os.path.join(path, 'third_party/py/google/protobuf/testdata',
                               filename)
      if os.path.exists(full_path):
        # Found it.  Load the golden file from the testdata directory.
        return open(full_path, 'rb')
    
      raise RuntimeError(
>         'Could not find golden files.  This test must be run from within the '
          'protobuf source package so that it can read test data files from the '
          'C++ source tree.')
E     RuntimeError: Could not find golden files.  This test must be run from within the protobuf source package so that it can read test data files from the C++ source tree.

.tox/py34/lib/python3.4/site-packages/google/protobuf/internal/test_util.py:617: RuntimeError
__________________ MessageTest.testGoldenPackedMessage_proto2 __________________

self = <protobuf.internal.message_test.MessageTest testMethod=testGoldenPackedMessage_proto2>
message_module = <module 'google.protobuf.unittest_pb2' from '/home/user/Projects/electrum/.tox/py34/lib/python3.4/site-packages/google/protobuf/unittest_pb2.py'>

    def testGoldenPackedMessage(self, message_module):
>     golden_data = test_util.GoldenFileData('golden_packed_fields_message')

packages/google/protobuf/internal/message_test.py:129: 
_ _ _ _ _ _ _ _ _ _ _ _ _ _ _ _ _ _ _ _ _ _ _ _ _ _ _ _ _ _ _ _ _ _ _ _ _ _ _ _ 
.tox/py34/lib/python3.4/site-packages/google/protobuf/internal/test_util.py:624: in GoldenFileData
    with GoldenFile(filename) as f:
_ _ _ _ _ _ _ _ _ _ _ _ _ _ _ _ _ _ _ _ _ _ _ _ _ _ _ _ _ _ _ _ _ _ _ _ _ _ _ _ 

filename = 'golden_packed_fields_message'

    def GoldenFile(filename):
      """Finds the given golden file and returns a file object representing it."""
    
      # Search up the directory tree looking for the C++ protobuf source code.
      path = '.'
      while os.path.exists(path):
        if os.path.exists(os.path.join(path, 'src/google/protobuf')):
          # Found it.  Load the golden file from the testdata directory.
          full_path = os.path.join(path, 'src/google/protobuf/testdata', filename)
          return open(full_path, 'rb')
        path = os.path.join(path, '..')
    
      # Search internally.
      path = '.'
      full_path = os.path.join(path, 'third_party/py/google/protobuf/testdata',
                               filename)
      if os.path.exists(full_path):
        # Found it.  Load the golden file from the testdata directory.
        return open(full_path, 'rb')
    
      raise RuntimeError(
>         'Could not find golden files.  This test must be run from within the '
          'protobuf source package so that it can read test data files from the '
          'C++ source tree.')
E     RuntimeError: Could not find golden files.  This test must be run from within the protobuf source package so that it can read test data files from the C++ source tree.

.tox/py34/lib/python3.4/site-packages/google/protobuf/internal/test_util.py:617: RuntimeError
__________________ MessageTest.testGoldenPackedMessage_proto3 __________________

self = <protobuf.internal.message_test.MessageTest testMethod=testGoldenPackedMessage_proto3>
message_module = <module 'google.protobuf.unittest_proto3_arena_pb2' from '/home/user/Projects/electrum/.tox/py34/lib/python3.4/site-packages/google/protobuf/unittest_proto3_arena_pb2.py'>

    def testGoldenPackedMessage(self, message_module):
>     golden_data = test_util.GoldenFileData('golden_packed_fields_message')

packages/google/protobuf/internal/message_test.py:129: 
_ _ _ _ _ _ _ _ _ _ _ _ _ _ _ _ _ _ _ _ _ _ _ _ _ _ _ _ _ _ _ _ _ _ _ _ _ _ _ _ 
.tox/py34/lib/python3.4/site-packages/google/protobuf/internal/test_util.py:624: in GoldenFileData
    with GoldenFile(filename) as f:
_ _ _ _ _ _ _ _ _ _ _ _ _ _ _ _ _ _ _ _ _ _ _ _ _ _ _ _ _ _ _ _ _ _ _ _ _ _ _ _ 

filename = 'golden_packed_fields_message'

    def GoldenFile(filename):
      """Finds the given golden file and returns a file object representing it."""
    
      # Search up the directory tree looking for the C++ protobuf source code.
      path = '.'
      while os.path.exists(path):
        if os.path.exists(os.path.join(path, 'src/google/protobuf')):
          # Found it.  Load the golden file from the testdata directory.
          full_path = os.path.join(path, 'src/google/protobuf/testdata', filename)
          return open(full_path, 'rb')
        path = os.path.join(path, '..')
    
      # Search internally.
      path = '.'
      full_path = os.path.join(path, 'third_party/py/google/protobuf/testdata',
                               filename)
      if os.path.exists(full_path):
        # Found it.  Load the golden file from the testdata directory.
        return open(full_path, 'rb')
    
      raise RuntimeError(
>         'Could not find golden files.  This test must be run from within the '
          'protobuf source package so that it can read test data files from the '
          'C++ source tree.')
E     RuntimeError: Could not find golden files.  This test must be run from within the protobuf source package so that it can read test data files from the C++ source tree.

.tox/py34/lib/python3.4/site-packages/google/protobuf/internal/test_util.py:617: RuntimeError
_____________________ MessageTest.testPickleSupport_proto2 _____________________

self = <protobuf.internal.message_test.MessageTest testMethod=testPickleSupport_proto2>
message_module = <module 'google.protobuf.unittest_pb2' from '/home/user/Projects/electrum/.tox/py34/lib/python3.4/site-packages/google/protobuf/unittest_pb2.py'>

    def testPickleSupport(self, message_module):
>     golden_data = test_util.GoldenFileData('golden_message')

packages/google/protobuf/internal/message_test.py:176: 
_ _ _ _ _ _ _ _ _ _ _ _ _ _ _ _ _ _ _ _ _ _ _ _ _ _ _ _ _ _ _ _ _ _ _ _ _ _ _ _ 
.tox/py34/lib/python3.4/site-packages/google/protobuf/internal/test_util.py:624: in GoldenFileData
    with GoldenFile(filename) as f:
_ _ _ _ _ _ _ _ _ _ _ _ _ _ _ _ _ _ _ _ _ _ _ _ _ _ _ _ _ _ _ _ _ _ _ _ _ _ _ _ 

filename = 'golden_message'

    def GoldenFile(filename):
      """Finds the given golden file and returns a file object representing it."""
    
      # Search up the directory tree looking for the C++ protobuf source code.
      path = '.'
      while os.path.exists(path):
        if os.path.exists(os.path.join(path, 'src/google/protobuf')):
          # Found it.  Load the golden file from the testdata directory.
          full_path = os.path.join(path, 'src/google/protobuf/testdata', filename)
          return open(full_path, 'rb')
        path = os.path.join(path, '..')
    
      # Search internally.
      path = '.'
      full_path = os.path.join(path, 'third_party/py/google/protobuf/testdata',
                               filename)
      if os.path.exists(full_path):
        # Found it.  Load the golden file from the testdata directory.
        return open(full_path, 'rb')
    
      raise RuntimeError(
>         'Could not find golden files.  This test must be run from within the '
          'protobuf source package so that it can read test data files from the '
          'C++ source tree.')
E     RuntimeError: Could not find golden files.  This test must be run from within the protobuf source package so that it can read test data files from the C++ source tree.

.tox/py34/lib/python3.4/site-packages/google/protobuf/internal/test_util.py:617: RuntimeError
_____________________ MessageTest.testPickleSupport_proto3 _____________________

self = <protobuf.internal.message_test.MessageTest testMethod=testPickleSupport_proto3>
message_module = <module 'google.protobuf.unittest_proto3_arena_pb2' from '/home/user/Projects/electrum/.tox/py34/lib/python3.4/site-packages/google/protobuf/unittest_proto3_arena_pb2.py'>

    def testPickleSupport(self, message_module):
>     golden_data = test_util.GoldenFileData('golden_message')

packages/google/protobuf/internal/message_test.py:176: 
_ _ _ _ _ _ _ _ _ _ _ _ _ _ _ _ _ _ _ _ _ _ _ _ _ _ _ _ _ _ _ _ _ _ _ _ _ _ _ _ 
.tox/py34/lib/python3.4/site-packages/google/protobuf/internal/test_util.py:624: in GoldenFileData
    with GoldenFile(filename) as f:
_ _ _ _ _ _ _ _ _ _ _ _ _ _ _ _ _ _ _ _ _ _ _ _ _ _ _ _ _ _ _ _ _ _ _ _ _ _ _ _ 

filename = 'golden_message'

    def GoldenFile(filename):
      """Finds the given golden file and returns a file object representing it."""
    
      # Search up the directory tree looking for the C++ protobuf source code.
      path = '.'
      while os.path.exists(path):
        if os.path.exists(os.path.join(path, 'src/google/protobuf')):
          # Found it.  Load the golden file from the testdata directory.
          full_path = os.path.join(path, 'src/google/protobuf/testdata', filename)
          return open(full_path, 'rb')
        path = os.path.join(path, '..')
    
      # Search internally.
      path = '.'
      full_path = os.path.join(path, 'third_party/py/google/protobuf/testdata',
                               filename)
      if os.path.exists(full_path):
        # Found it.  Load the golden file from the testdata directory.
        return open(full_path, 'rb')
    
      raise RuntimeError(
>         'Could not find golden files.  This test must be run from within the '
          'protobuf source package so that it can read test data files from the '
          'C++ source tree.')
E     RuntimeError: Could not find golden files.  This test must be run from within the protobuf source package so that it can read test data files from the C++ source tree.

.tox/py34/lib/python3.4/site-packages/google/protobuf/internal/test_util.py:617: RuntimeError
_______________________ Proto2Test.testGoldenExtensions ________________________

self = <protobuf.internal.message_test.Proto2Test testMethod=testGoldenExtensions>

    def testGoldenExtensions(self):
>     golden_data = test_util.GoldenFileData('golden_message')

packages/google/protobuf/internal/message_test.py:1074: 
_ _ _ _ _ _ _ _ _ _ _ _ _ _ _ _ _ _ _ _ _ _ _ _ _ _ _ _ _ _ _ _ _ _ _ _ _ _ _ _ 
.tox/py34/lib/python3.4/site-packages/google/protobuf/internal/test_util.py:624: in GoldenFileData
    with GoldenFile(filename) as f:
_ _ _ _ _ _ _ _ _ _ _ _ _ _ _ _ _ _ _ _ _ _ _ _ _ _ _ _ _ _ _ _ _ _ _ _ _ _ _ _ 

filename = 'golden_message'

    def GoldenFile(filename):
      """Finds the given golden file and returns a file object representing it."""
    
      # Search up the directory tree looking for the C++ protobuf source code.
      path = '.'
      while os.path.exists(path):
        if os.path.exists(os.path.join(path, 'src/google/protobuf')):
          # Found it.  Load the golden file from the testdata directory.
          full_path = os.path.join(path, 'src/google/protobuf/testdata', filename)
          return open(full_path, 'rb')
        path = os.path.join(path, '..')
    
      # Search internally.
      path = '.'
      full_path = os.path.join(path, 'third_party/py/google/protobuf/testdata',
                               filename)
      if os.path.exists(full_path):
        # Found it.  Load the golden file from the testdata directory.
        return open(full_path, 'rb')
    
      raise RuntimeError(
>         'Could not find golden files.  This test must be run from within the '
          'protobuf source package so that it can read test data files from the '
          'C++ source tree.')
E     RuntimeError: Could not find golden files.  This test must be run from within the protobuf source package so that it can read test data files from the C++ source tree.

.tox/py34/lib/python3.4/site-packages/google/protobuf/internal/test_util.py:617: RuntimeError
____________________ Proto2Test.testGoldenPackedExtensions _____________________

self = <protobuf.internal.message_test.Proto2Test testMethod=testGoldenPackedExtensions>

    def testGoldenPackedExtensions(self):
>     golden_data = test_util.GoldenFileData('golden_packed_fields_message')

packages/google/protobuf/internal/message_test.py:1085: 
_ _ _ _ _ _ _ _ _ _ _ _ _ _ _ _ _ _ _ _ _ _ _ _ _ _ _ _ _ _ _ _ _ _ _ _ _ _ _ _ 
.tox/py34/lib/python3.4/site-packages/google/protobuf/internal/test_util.py:624: in GoldenFileData
    with GoldenFile(filename) as f:
_ _ _ _ _ _ _ _ _ _ _ _ _ _ _ _ _ _ _ _ _ _ _ _ _ _ _ _ _ _ _ _ _ _ _ _ _ _ _ _ 

filename = 'golden_packed_fields_message'

    def GoldenFile(filename):
      """Finds the given golden file and returns a file object representing it."""
    
      # Search up the directory tree looking for the C++ protobuf source code.
      path = '.'
      while os.path.exists(path):
        if os.path.exists(os.path.join(path, 'src/google/protobuf')):
          # Found it.  Load the golden file from the testdata directory.
          full_path = os.path.join(path, 'src/google/protobuf/testdata', filename)
          return open(full_path, 'rb')
        path = os.path.join(path, '..')
    
      # Search internally.
      path = '.'
      full_path = os.path.join(path, 'third_party/py/google/protobuf/testdata',
                               filename)
      if os.path.exists(full_path):
        # Found it.  Load the golden file from the testdata directory.
        return open(full_path, 'rb')
    
      raise RuntimeError(
>         'Could not find golden files.  This test must be run from within the '
          'protobuf source package so that it can read test data files from the '
          'C++ source tree.')
E     RuntimeError: Could not find golden files.  This test must be run from within the protobuf source package so that it can read test data files from the C++ source tree.

.tox/py34/lib/python3.4/site-packages/google/protobuf/internal/test_util.py:617: RuntimeError
____________ OnlyWorksWithProto2RightNowTests.testMergeLinesGolden _____________

self = <protobuf.internal.text_format_test.OnlyWorksWithProto2RightNowTests testMethod=testMergeLinesGolden>

    def testMergeLinesGolden(self):
>     opened = self.ReadGolden('text_format_unittest_data_oneof_implemented.txt')

packages/google/protobuf/internal/text_format_test.py:518: 
_ _ _ _ _ _ _ _ _ _ _ _ _ _ _ _ _ _ _ _ _ _ _ _ _ _ _ _ _ _ _ _ _ _ _ _ _ _ _ _ 
packages/google/protobuf/internal/text_format_test.py:78: in ReadGolden
    with test_util.GoldenFile(golden_filename) as f:
_ _ _ _ _ _ _ _ _ _ _ _ _ _ _ _ _ _ _ _ _ _ _ _ _ _ _ _ _ _ _ _ _ _ _ _ _ _ _ _ 

filename = 'text_format_unittest_data_oneof_implemented.txt'

    def GoldenFile(filename):
      """Finds the given golden file and returns a file object representing it."""
    
      # Search up the directory tree looking for the C++ protobuf source code.
      path = '.'
      while os.path.exists(path):
        if os.path.exists(os.path.join(path, 'src/google/protobuf')):
          # Found it.  Load the golden file from the testdata directory.
          full_path = os.path.join(path, 'src/google/protobuf/testdata', filename)
          return open(full_path, 'rb')
        path = os.path.join(path, '..')
    
      # Search internally.
      path = '.'
      full_path = os.path.join(path, 'third_party/py/google/protobuf/testdata',
                               filename)
      if os.path.exists(full_path):
        # Found it.  Load the golden file from the testdata directory.
        return open(full_path, 'rb')
    
      raise RuntimeError(
>         'Could not find golden files.  This test must be run from within the '
          'protobuf source package so that it can read test data files from the '
          'C++ source tree.')
E     RuntimeError: Could not find golden files.  This test must be run from within the protobuf source package so that it can read test data files from the C++ source tree.

.tox/py34/lib/python3.4/site-packages/google/protobuf/internal/test_util.py:617: RuntimeError
_______________ OnlyWorksWithProto2RightNowTests.testParseGolden _______________

self = <protobuf.internal.text_format_test.OnlyWorksWithProto2RightNowTests testMethod=testParseGolden>

    def testParseGolden(self):
      golden_text = '\n'.join(self.ReadGolden(
>         'text_format_unittest_data_oneof_implemented.txt'))

packages/google/protobuf/internal/text_format_test.py:484: 
_ _ _ _ _ _ _ _ _ _ _ _ _ _ _ _ _ _ _ _ _ _ _ _ _ _ _ _ _ _ _ _ _ _ _ _ _ _ _ _ 
packages/google/protobuf/internal/text_format_test.py:78: in ReadGolden
    with test_util.GoldenFile(golden_filename) as f:
_ _ _ _ _ _ _ _ _ _ _ _ _ _ _ _ _ _ _ _ _ _ _ _ _ _ _ _ _ _ _ _ _ _ _ _ _ _ _ _ 

filename = 'text_format_unittest_data_oneof_implemented.txt'

    def GoldenFile(filename):
      """Finds the given golden file and returns a file object representing it."""
    
      # Search up the directory tree looking for the C++ protobuf source code.
      path = '.'
      while os.path.exists(path):
        if os.path.exists(os.path.join(path, 'src/google/protobuf')):
          # Found it.  Load the golden file from the testdata directory.
          full_path = os.path.join(path, 'src/google/protobuf/testdata', filename)
          return open(full_path, 'rb')
        path = os.path.join(path, '..')
    
      # Search internally.
      path = '.'
      full_path = os.path.join(path, 'third_party/py/google/protobuf/testdata',
                               filename)
      if os.path.exists(full_path):
        # Found it.  Load the golden file from the testdata directory.
        return open(full_path, 'rb')
    
      raise RuntimeError(
>         'Could not find golden files.  This test must be run from within the '
          'protobuf source package so that it can read test data files from the '
          'C++ source tree.')
E     RuntimeError: Could not find golden files.  This test must be run from within the protobuf source package so that it can read test data files from the C++ source tree.

.tox/py34/lib/python3.4/site-packages/google/protobuf/internal/test_util.py:617: RuntimeError
____________ OnlyWorksWithProto2RightNowTests.testParseLinesGolden _____________

self = <protobuf.internal.text_format_test.OnlyWorksWithProto2RightNowTests testMethod=testParseLinesGolden>

    def testParseLinesGolden(self):
>     opened = self.ReadGolden('text_format_unittest_data_oneof_implemented.txt')

packages/google/protobuf/internal/text_format_test.py:528: 
_ _ _ _ _ _ _ _ _ _ _ _ _ _ _ _ _ _ _ _ _ _ _ _ _ _ _ _ _ _ _ _ _ _ _ _ _ _ _ _ 
packages/google/protobuf/internal/text_format_test.py:78: in ReadGolden
    with test_util.GoldenFile(golden_filename) as f:
_ _ _ _ _ _ _ _ _ _ _ _ _ _ _ _ _ _ _ _ _ _ _ _ _ _ _ _ _ _ _ _ _ _ _ _ _ _ _ _ 

filename = 'text_format_unittest_data_oneof_implemented.txt'

    def GoldenFile(filename):
      """Finds the given golden file and returns a file object representing it."""
    
      # Search up the directory tree looking for the C++ protobuf source code.
      path = '.'
      while os.path.exists(path):
        if os.path.exists(os.path.join(path, 'src/google/protobuf')):
          # Found it.  Load the golden file from the testdata directory.
          full_path = os.path.join(path, 'src/google/protobuf/testdata', filename)
          return open(full_path, 'rb')
        path = os.path.join(path, '..')
    
      # Search internally.
      path = '.'
      full_path = os.path.join(path, 'third_party/py/google/protobuf/testdata',
                               filename)
      if os.path.exists(full_path):
        # Found it.  Load the golden file from the testdata directory.
        return open(full_path, 'rb')
    
      raise RuntimeError(
>         'Could not find golden files.  This test must be run from within the '
          'protobuf source package so that it can read test data files from the '
          'C++ source tree.')
E     RuntimeError: Could not find golden files.  This test must be run from within the protobuf source package so that it can read test data files from the C++ source tree.

.tox/py34/lib/python3.4/site-packages/google/protobuf/internal/test_util.py:617: RuntimeError
_____________ OnlyWorksWithProto2RightNowTests.testPrintAllFields ______________

self = <protobuf.internal.text_format_test.OnlyWorksWithProto2RightNowTests testMethod=testPrintAllFields>

    def testPrintAllFields(self):
      message = unittest_pb2.TestAllTypes()
      test_util.SetAllFields(message)
      self.CompareToGoldenFile(
          self.RemoveRedundantZeros(text_format.MessageToString(message)),
>         'text_format_unittest_data_oneof_implemented.txt')

packages/google/protobuf/internal/text_format_test.py:498: 
_ _ _ _ _ _ _ _ _ _ _ _ _ _ _ _ _ _ _ _ _ _ _ _ _ _ _ _ _ _ _ _ _ _ _ _ _ _ _ _ 
packages/google/protobuf/internal/text_format_test.py:83: in CompareToGoldenFile
    golden_lines = self.ReadGolden(golden_filename)
packages/google/protobuf/internal/text_format_test.py:78: in ReadGolden
    with test_util.GoldenFile(golden_filename) as f:
_ _ _ _ _ _ _ _ _ _ _ _ _ _ _ _ _ _ _ _ _ _ _ _ _ _ _ _ _ _ _ _ _ _ _ _ _ _ _ _ 

filename = 'text_format_unittest_data_oneof_implemented.txt'

    def GoldenFile(filename):
      """Finds the given golden file and returns a file object representing it."""
    
      # Search up the directory tree looking for the C++ protobuf source code.
      path = '.'
      while os.path.exists(path):
        if os.path.exists(os.path.join(path, 'src/google/protobuf')):
          # Found it.  Load the golden file from the testdata directory.
          full_path = os.path.join(path, 'src/google/protobuf/testdata', filename)
          return open(full_path, 'rb')
        path = os.path.join(path, '..')
    
      # Search internally.
      path = '.'
      full_path = os.path.join(path, 'third_party/py/google/protobuf/testdata',
                               filename)
      if os.path.exists(full_path):
        # Found it.  Load the golden file from the testdata directory.
        return open(full_path, 'rb')
    
      raise RuntimeError(
>         'Could not find golden files.  This test must be run from within the '
          'protobuf source package so that it can read test data files from the '
          'C++ source tree.')
E     RuntimeError: Could not find golden files.  This test must be run from within the protobuf source package so that it can read test data files from the C++ source tree.

.tox/py34/lib/python3.4/site-packages/google/protobuf/internal/test_util.py:617: RuntimeError
__________ OnlyWorksWithProto2RightNowTests.testPrintAllFieldsPointy ___________

self = <protobuf.internal.text_format_test.OnlyWorksWithProto2RightNowTests testMethod=testPrintAllFieldsPointy>

    def testPrintAllFieldsPointy(self):
      message = unittest_pb2.TestAllTypes()
      test_util.SetAllFields(message)
      self.CompareToGoldenFile(
          self.RemoveRedundantZeros(text_format.MessageToString(
              message, pointy_brackets=True)),
>         'text_format_unittest_data_pointy_oneof.txt')

packages/google/protobuf/internal/text_format_test.py:480: 
_ _ _ _ _ _ _ _ _ _ _ _ _ _ _ _ _ _ _ _ _ _ _ _ _ _ _ _ _ _ _ _ _ _ _ _ _ _ _ _ 
packages/google/protobuf/internal/text_format_test.py:83: in CompareToGoldenFile
    golden_lines = self.ReadGolden(golden_filename)
packages/google/protobuf/internal/text_format_test.py:78: in ReadGolden
    with test_util.GoldenFile(golden_filename) as f:
_ _ _ _ _ _ _ _ _ _ _ _ _ _ _ _ _ _ _ _ _ _ _ _ _ _ _ _ _ _ _ _ _ _ _ _ _ _ _ _ 

filename = 'text_format_unittest_data_pointy_oneof.txt'

    def GoldenFile(filename):
      """Finds the given golden file and returns a file object representing it."""
    
      # Search up the directory tree looking for the C++ protobuf source code.
      path = '.'
      while os.path.exists(path):
        if os.path.exists(os.path.join(path, 'src/google/protobuf')):
          # Found it.  Load the golden file from the testdata directory.
          full_path = os.path.join(path, 'src/google/protobuf/testdata', filename)
          return open(full_path, 'rb')
        path = os.path.join(path, '..')
    
      # Search internally.
      path = '.'
      full_path = os.path.join(path, 'third_party/py/google/protobuf/testdata',
                               filename)
      if os.path.exists(full_path):
        # Found it.  Load the golden file from the testdata directory.
        return open(full_path, 'rb')
    
      raise RuntimeError(
>         'Could not find golden files.  This test must be run from within the '
          'protobuf source package so that it can read test data files from the '
          'C++ source tree.')
E     RuntimeError: Could not find golden files.  This test must be run from within the protobuf source package so that it can read test data files from the C++ source tree.

.tox/py34/lib/python3.4/site-packages/google/protobuf/internal/test_util.py:617: RuntimeError
____________________ Proto2Tests.testParseGoldenExtensions _____________________

self = <protobuf.internal.text_format_test.Proto2Tests testMethod=testParseGoldenExtensions>

    def testParseGoldenExtensions(self):
      golden_text = '\n'.join(self.ReadGolden(
>         'text_format_unittest_extensions_data.txt'))

packages/google/protobuf/internal/text_format_test.py:761: 
_ _ _ _ _ _ _ _ _ _ _ _ _ _ _ _ _ _ _ _ _ _ _ _ _ _ _ _ _ _ _ _ _ _ _ _ _ _ _ _ 
packages/google/protobuf/internal/text_format_test.py:78: in ReadGolden
    with test_util.GoldenFile(golden_filename) as f:
_ _ _ _ _ _ _ _ _ _ _ _ _ _ _ _ _ _ _ _ _ _ _ _ _ _ _ _ _ _ _ _ _ _ _ _ _ _ _ _ 

filename = 'text_format_unittest_extensions_data.txt'

    def GoldenFile(filename):
      """Finds the given golden file and returns a file object representing it."""
    
      # Search up the directory tree looking for the C++ protobuf source code.
      path = '.'
      while os.path.exists(path):
        if os.path.exists(os.path.join(path, 'src/google/protobuf')):
          # Found it.  Load the golden file from the testdata directory.
          full_path = os.path.join(path, 'src/google/protobuf/testdata', filename)
          return open(full_path, 'rb')
        path = os.path.join(path, '..')
    
      # Search internally.
      path = '.'
      full_path = os.path.join(path, 'third_party/py/google/protobuf/testdata',
                               filename)
      if os.path.exists(full_path):
        # Found it.  Load the golden file from the testdata directory.
        return open(full_path, 'rb')
    
      raise RuntimeError(
>         'Could not find golden files.  This test must be run from within the '
          'protobuf source package so that it can read test data files from the '
          'C++ source tree.')
E     RuntimeError: Could not find golden files.  This test must be run from within the protobuf source package so that it can read test data files from the C++ source tree.

.tox/py34/lib/python3.4/site-packages/google/protobuf/internal/test_util.py:617: RuntimeError
______________________ Proto2Tests.testPrintAllExtensions ______________________

self = <protobuf.internal.text_format_test.Proto2Tests testMethod=testPrintAllExtensions>

    def testPrintAllExtensions(self):
      message = unittest_pb2.TestAllExtensions()
      test_util.SetAllExtensions(message)
      self.CompareToGoldenFile(
          self.RemoveRedundantZeros(text_format.MessageToString(message)),
>         'text_format_unittest_extensions_data.txt')

packages/google/protobuf/internal/text_format_test.py:749: 
_ _ _ _ _ _ _ _ _ _ _ _ _ _ _ _ _ _ _ _ _ _ _ _ _ _ _ _ _ _ _ _ _ _ _ _ _ _ _ _ 
packages/google/protobuf/internal/text_format_test.py:83: in CompareToGoldenFile
    golden_lines = self.ReadGolden(golden_filename)
packages/google/protobuf/internal/text_format_test.py:78: in ReadGolden
    with test_util.GoldenFile(golden_filename) as f:
_ _ _ _ _ _ _ _ _ _ _ _ _ _ _ _ _ _ _ _ _ _ _ _ _ _ _ _ _ _ _ _ _ _ _ _ _ _ _ _ 

filename = 'text_format_unittest_extensions_data.txt'

    def GoldenFile(filename):
      """Finds the given golden file and returns a file object representing it."""
    
      # Search up the directory tree looking for the C++ protobuf source code.
      path = '.'
      while os.path.exists(path):
        if os.path.exists(os.path.join(path, 'src/google/protobuf')):
          # Found it.  Load the golden file from the testdata directory.
          full_path = os.path.join(path, 'src/google/protobuf/testdata', filename)
          return open(full_path, 'rb')
        path = os.path.join(path, '..')
    
      # Search internally.
      path = '.'
      full_path = os.path.join(path, 'third_party/py/google/protobuf/testdata',
                               filename)
      if os.path.exists(full_path):
        # Found it.  Load the golden file from the testdata directory.
        return open(full_path, 'rb')
    
      raise RuntimeError(
>         'Could not find golden files.  This test must be run from within the '
          'protobuf source package so that it can read test data files from the '
          'C++ source tree.')
E     RuntimeError: Could not find golden files.  This test must be run from within the protobuf source package so that it can read test data files from the C++ source tree.

.tox/py34/lib/python3.4/site-packages/google/protobuf/internal/test_util.py:617: RuntimeError
___________________ Proto2Tests.testPrintAllExtensionsPointy ___________________

self = <protobuf.internal.text_format_test.Proto2Tests testMethod=testPrintAllExtensionsPointy>

    def testPrintAllExtensionsPointy(self):
      message = unittest_pb2.TestAllExtensions()
      test_util.SetAllExtensions(message)
      self.CompareToGoldenFile(
          self.RemoveRedundantZeros(text_format.MessageToString(
              message, pointy_brackets=True)),
>         'text_format_unittest_extensions_data_pointy.txt')

packages/google/protobuf/internal/text_format_test.py:757: 
_ _ _ _ _ _ _ _ _ _ _ _ _ _ _ _ _ _ _ _ _ _ _ _ _ _ _ _ _ _ _ _ _ _ _ _ _ _ _ _ 
packages/google/protobuf/internal/text_format_test.py:83: in CompareToGoldenFile
    golden_lines = self.ReadGolden(golden_filename)
packages/google/protobuf/internal/text_format_test.py:78: in ReadGolden
    with test_util.GoldenFile(golden_filename) as f:
_ _ _ _ _ _ _ _ _ _ _ _ _ _ _ _ _ _ _ _ _ _ _ _ _ _ _ _ _ _ _ _ _ _ _ _ _ _ _ _ 

filename = 'text_format_unittest_extensions_data_pointy.txt'

    def GoldenFile(filename):
      """Finds the given golden file and returns a file object representing it."""
    
      # Search up the directory tree looking for the C++ protobuf source code.
      path = '.'
      while os.path.exists(path):
        if os.path.exists(os.path.join(path, 'src/google/protobuf')):
          # Found it.  Load the golden file from the testdata directory.
          full_path = os.path.join(path, 'src/google/protobuf/testdata', filename)
          return open(full_path, 'rb')
        path = os.path.join(path, '..')
    
      # Search internally.
      path = '.'
      full_path = os.path.join(path, 'third_party/py/google/protobuf/testdata',
                               filename)
      if os.path.exists(full_path):
        # Found it.  Load the golden file from the testdata directory.
        return open(full_path, 'rb')
    
      raise RuntimeError(
>         'Could not find golden files.  This test must be run from within the '
          'protobuf source package so that it can read test data files from the '
          'C++ source tree.')
E     RuntimeError: Could not find golden files.  This test must be run from within the protobuf source package so that it can read test data files from the C++ source tree.

.tox/py34/lib/python3.4/site-packages/google/protobuf/internal/test_util.py:617: RuntimeError
_____________________________ ExampleTest.runTest ______________________________
/usr/lib64/python3.4/unittest/mock.py:1128: in patched
    arg = patching.__enter__()
/usr/lib64/python3.4/unittest/mock.py:1181: in __enter__
    self.target = self.getter()
/usr/lib64/python3.4/unittest/mock.py:1348: in <lambda>
    getter = lambda: _importer(target)
_ _ _ _ _ _ _ _ _ _ _ _ _ _ _ _ _ _ _ _ _ _ _ _ _ _ _ _ _ _ _ _ _ _ _ _ _ _ _ _ 

target = 'PIL.Image.Image'

    def _importer(target):
        components = target.split('.')
        import_path = components.pop(0)
>       thing = __import__(import_path)
E       ImportError: No module named 'PIL'

/usr/lib64/python3.4/unittest/mock.py:1037: ImportError
_________________________ QRCodeTests.test_render_pil __________________________

    from __future__ import absolute_import
    
    # Try to import PIL in either of the two ways it can be installed.
    try:
>       from PIL import Image, ImageDraw
E       ImportError: No module named 'PIL'

packages/qrcode/image/pil.py:6: ImportError

During handling of the above exception, another exception occurred:

self = <qrcode.tests.test_qrcode.QRCodeTests testMethod=test_render_pil>

    def test_render_pil(self):
        qr = qrcode.QRCode()
        qr.add_data(UNICODE_TEXT)
>       img = qr.make_image()

packages/qrcode/tests/test_qrcode.py:106: 
_ _ _ _ _ _ _ _ _ _ _ _ _ _ _ _ _ _ _ _ _ _ _ _ _ _ _ _ _ _ _ _ _ _ _ _ _ _ _ _ 
packages/qrcode/main.py:271: in make_image
    from qrcode.image.pil import PilImage
_ _ _ _ _ _ _ _ _ _ _ _ _ _ _ _ _ _ _ _ _ _ _ _ _ _ _ _ _ _ _ _ _ _ _ _ _ _ _ _ 

    from __future__ import absolute_import
    
    # Try to import PIL in either of the two ways it can be installed.
    try:
        from PIL import Image, ImageDraw
    except ImportError:  # pragma: no cover
>       import Image
E       ImportError: No module named 'Image'

packages/qrcode/image/pil.py:8: ImportError
_____________________________ ShortcutTest.runTest _____________________________

    from __future__ import absolute_import
    
    # Try to import PIL in either of the two ways it can be installed.
    try:
>       from PIL import Image, ImageDraw
E       ImportError: No module named 'PIL'

packages/qrcode/image/pil.py:6: ImportError

During handling of the above exception, another exception occurred:

self = <qrcode.tests.test_qrcode.ShortcutTest testMethod=runTest>

    def runTest(self):
>       qrcode.make('image')

packages/qrcode/tests/test_qrcode.py:272: 
_ _ _ _ _ _ _ _ _ _ _ _ _ _ _ _ _ _ _ _ _ _ _ _ _ _ _ _ _ _ _ _ _ _ _ _ _ _ _ _ 
packages/qrcode/main.py:11: in make
    return qr.make_image()
packages/qrcode/main.py:271: in make_image
    from qrcode.image.pil import PilImage
_ _ _ _ _ _ _ _ _ _ _ _ _ _ _ _ _ _ _ _ _ _ _ _ _ _ _ _ _ _ _ _ _ _ _ _ _ _ _ _ 

    from __future__ import absolute_import
    
    # Try to import PIL in either of the two ways it can be installed.
    try:
        from PIL import Image, ImageDraw
    except ImportError:  # pragma: no cover
>       import Image
E       ImportError: No module named 'Image'

packages/qrcode/image/pil.py:8: ImportError
____________________________ ScriptTest.test_piped _____________________________

    from __future__ import absolute_import
    
    # Try to import PIL in either of the two ways it can be installed.
    try:
>       from PIL import Image, ImageDraw
E       ImportError: No module named 'PIL'

packages/qrcode/image/pil.py:6: ImportError

During handling of the above exception, another exception occurred:

self = <qrcode.tests.test_script.ScriptTest testMethod=test_piped>
mock_stdout = <MagicMock name='stdout' id='139721992351192'>

    @mock.patch('os.isatty', lambda *args: False)
    @mock.patch('sys.stdout')
    def test_piped(self, mock_stdout):
>       main(['testtext'])

packages/qrcode/tests/test_script.py:29: 
_ _ _ _ _ _ _ _ _ _ _ _ _ _ _ _ _ _ _ _ _ _ _ _ _ _ _ _ _ _ _ _ _ _ _ _ _ _ _ _ 
packages/qrcode/console_scripts.py:80: in main
    img = qr.make_image(image_factory=image_factory)
packages/qrcode/main.py:271: in make_image
    from qrcode.image.pil import PilImage
_ _ _ _ _ _ _ _ _ _ _ _ _ _ _ _ _ _ _ _ _ _ _ _ _ _ _ _ _ _ _ _ _ _ _ _ _ _ _ _ 

    from __future__ import absolute_import
    
    # Try to import PIL in either of the two ways it can be installed.
    try:
        from PIL import Image, ImageDraw
    except ImportError:  # pragma: no cover
>       import Image
E       ImportError: No module named 'Image'

packages/qrcode/image/pil.py:8: ImportError
=============================== warnings summary ===============================
packages/google/protobuf/test_messages_proto2_pb2.py::TestAllTypesProto2
  cannot collect test class 'TestAllTypesProto2' because it has a __init__ constructor

packages/google/protobuf/test_messages_proto3_pb2.py::TestAllTypesProto3
  cannot collect test class 'TestAllTypesProto3' because it has a __init__ constructor

packages/google/protobuf/internal/test_bad_identifiers_pb2.py::TestBadIdentifiers
  cannot collect test class 'TestBadIdentifiers' because it has a __init__ constructor

-- Docs: http://doc.pytest.org/en/latest/warnings.html
======== 20 failed, 705 passed, 16 skipped, 3 warnings in 15.35 seconds ========
in TEST2 - except
ERROR: InvocationError: '/home/user/Projects/electrum/.tox/py34/bin/coverage run --source=lib -m py.test -v'
in RUNTESTENV2
___________________________________ summary ____________________________________
ERROR:   py34: commands failed
